TN:
SF:src/app/actions.ts
FN:13,generateMusicAction
FNF:1
FNH:0
FNDA:0,generateMusicAction
DA:3,0
DA:6,0
DA:13,0
DA:14,0
DA:16,0
DA:17,0
DA:23,0
DA:24,0
DA:25,0
DA:26,0
DA:34,0
DA:36,0
DA:37,0
DA:43,0
DA:44,0
DA:50,0
DA:52,0
DA:58,0
DA:59,0
LF:19
LH:0
BRDA:16,0,0,0
BRDA:25,1,0,0
BRDA:36,2,0,0
BRDA:39,3,0,0
BRDA:39,3,1,0
BRDA:43,4,0,0
BRF:6
BRH:0
end_of_record
TN:
SF:src/app/layout.tsx
FN:83,RootLayout
FNF:1
FNH:0
FNDA:0,RootLayout
DA:2,0
DA:3,0
DA:4,0
DA:5,0
DA:6,0
DA:7,0
DA:9,0
DA:83,0
LF:8
LH:0
BRF:0
BRH:0
end_of_record
TN:
SF:src/app/not-found.tsx
FN:6,NotFound
FNF:1
FNH:0
FNDA:0,NotFound
DA:1,0
DA:2,0
DA:3,0
DA:4,0
DA:6,0
LF:5
LH:0
BRF:0
BRH:0
end_of_record
TN:
SF:src/app/page.tsx
FN:176,Home
FN:184,(anonymous_3)
FN:188,(anonymous_4)
FN:211,(anonymous_5)
FN:214,(anonymous_6)
FN:268,(anonymous_7)
FN:320,(anonymous_8)
FN:323,(anonymous_9)
FN:326,(anonymous_10)
FN:330,(anonymous_11)
FN:335,(anonymous_12)
FN:358,(anonymous_13)
FN:414,(anonymous_14)
FN:417,(anonymous_15)
FN:420,(anonymous_16)
FN:424,(anonymous_17)
FN:429,(anonymous_18)
FN:452,(anonymous_19)
FN:508,(anonymous_20)
FN:511,(anonymous_21)
FN:514,(anonymous_22)
FN:518,(anonymous_23)
FN:523,(anonymous_24)
FN:546,(anonymous_25)
FN:638,(anonymous_26)
FN:744,(anonymous_27)
FN:758,(anonymous_28)
FN:800,(anonymous_29)
FN:817,(anonymous_30)
FNF:29
FNH:0
FNDA:0,Home
FNDA:0,(anonymous_3)
FNDA:0,(anonymous_4)
FNDA:0,(anonymous_5)
FNDA:0,(anonymous_6)
FNDA:0,(anonymous_7)
FNDA:0,(anonymous_8)
FNDA:0,(anonymous_9)
FNDA:0,(anonymous_10)
FNDA:0,(anonymous_11)
FNDA:0,(anonymous_12)
FNDA:0,(anonymous_13)
FNDA:0,(anonymous_14)
FNDA:0,(anonymous_15)
FNDA:0,(anonymous_16)
FNDA:0,(anonymous_17)
FNDA:0,(anonymous_18)
FNDA:0,(anonymous_19)
FNDA:0,(anonymous_20)
FNDA:0,(anonymous_21)
FNDA:0,(anonymous_22)
FNDA:0,(anonymous_23)
FNDA:0,(anonymous_24)
FNDA:0,(anonymous_25)
FNDA:0,(anonymous_26)
FNDA:0,(anonymous_27)
FNDA:0,(anonymous_28)
FNDA:0,(anonymous_29)
FNDA:0,(anonymous_30)
DA:3,0
DA:4,0
DA:5,0
DA:6,0
DA:7,0
DA:8,0
DA:9,0
DA:10,0
DA:11,0
DA:32,0
DA:34,0
DA:67,0
DA:148,0
DA:169,0
DA:176,0
DA:177,0
DA:178,0
DA:184,0
DA:185,0
DA:188,0
DA:189,0
DA:212,0
DA:215,0
DA:269,0
DA:321,0
DA:324,0
DA:327,0
DA:328,0
DA:331,0
DA:332,0
DA:336,0
DA:337,0
DA:338,0
DA:339,0
DA:340,0
DA:358,0
DA:415,0
DA:418,0
DA:421,0
DA:422,0
DA:425,0
DA:426,0
DA:430,0
DA:431,0
DA:432,0
DA:433,0
DA:434,0
DA:452,0
DA:509,0
DA:512,0
DA:515,0
DA:516,0
DA:519,0
DA:520,0
DA:524,0
DA:525,0
DA:526,0
DA:527,0
DA:528,0
DA:546,0
DA:639,0
DA:640,0
DA:745,0
DA:759,0
DA:801,0
DA:818,0
LF:66
LH:0
BRDA:331,0,0,0
BRDA:340,1,0,0
BRDA:425,2,0,0
BRDA:434,3,0,0
BRDA:519,4,0,0
BRDA:528,5,0,0
BRDA:801,6,0,0
BRDA:801,6,1,0
BRDA:802,7,0,0
BRDA:825,8,0,0
BRDA:825,8,1,0
BRDA:826,9,0,0
BRDA:826,9,1,0
BRDA:1083,10,0,0
BRF:14
BRH:0
end_of_record
TN:
SF:src/app/robots.ts
FN:3,robots
FNF:1
FNH:0
FNDA:0,robots
DA:3,0
DA:4,0
LF:2
LH:0
BRF:0
BRH:0
end_of_record
TN:
SF:src/app/sitemap.ts
FN:3,sitemap
FNF:1
FNH:0
FNDA:0,sitemap
DA:3,0
DA:4,0
DA:6,0
LF:3
LH:0
BRF:0
BRH:0
end_of_record
TN:
SF:src/app/about/page.tsx
FN:83,About
FN:96,(anonymous_3)
FN:99,(anonymous_4)
FN:133,(anonymous_5)
FN:193,(anonymous_6)
FN:230,(anonymous_7)
FNF:6
FNH:0
FNDA:0,About
FNDA:0,(anonymous_3)
FNDA:0,(anonymous_4)
FNDA:0,(anonymous_5)
FNDA:0,(anonymous_6)
FNDA:0,(anonymous_7)
DA:3,0
DA:4,0
DA:5,0
DA:6,0
DA:22,0
DA:24,0
DA:48,0
DA:76,0
DA:83,0
DA:97,0
DA:100,0
DA:134,0
DA:194,0
DA:195,0
DA:231,0
LF:15
LH:0
BRF:0
BRH:0
end_of_record
TN:
SF:src/app/admin/layout.tsx
FN:30,AdminLayout
FN:47,(anonymous_3)
FN:66,(anonymous_4)
FN:75,(anonymous_5)
FN:88,(anonymous_6)
FN:129,(anonymous_7)
FNF:6
FNH:0
FNDA:0,AdminLayout
FNDA:0,(anonymous_3)
FNDA:0,(anonymous_4)
FNDA:0,(anonymous_5)
FNDA:0,(anonymous_6)
FNDA:0,(anonymous_7)
DA:3,0
DA:4,0
DA:5,0
DA:6,0
DA:7,0
DA:17,0
DA:18,0
DA:21,0
DA:23,0
DA:30,0
DA:35,0
DA:36,0
DA:37,0
DA:38,0
DA:47,0
DA:66,0
DA:76,0
DA:77,0
DA:79,0
DA:88,0
DA:129,0
LF:21
LH:0
BRDA:44,0,0,0
BRDA:53,1,0,0
BRDA:53,1,1,0
BRDA:84,2,0,0
BRDA:84,2,1,0
BRF:5
BRH:0
end_of_record
TN:
SF:src/app/admin/page.tsx
FN:73,AdminPage
FN:83,(anonymous_5)
FN:171,(anonymous_6)
FN:175,(anonymous_7)
FN:189,(anonymous_8)
FN:193,(anonymous_9)
FN:200,(anonymous_10)
FN:312,(anonymous_11)
FN:331,(anonymous_12)
FN:359,(anonymous_13)
FN:389,(anonymous_14)
FN:417,(anonymous_15)
FN:438,(anonymous_16)
FN:445,(anonymous_17)
FN:473,(anonymous_18)
FN:494,(anonymous_19)
FNF:16
FNH:0
FNDA:0,AdminPage
FNDA:0,(anonymous_5)
FNDA:0,(anonymous_6)
FNDA:0,(anonymous_7)
FNDA:0,(anonymous_8)
FNDA:0,(anonymous_9)
FNDA:0,(anonymous_10)
FNDA:0,(anonymous_11)
FNDA:0,(anonymous_12)
FNDA:0,(anonymous_13)
FNDA:0,(anonymous_14)
FNDA:0,(anonymous_15)
FNDA:0,(anonymous_16)
FNDA:0,(anonymous_17)
FNDA:0,(anonymous_18)
FNDA:0,(anonymous_19)
DA:3,0
DA:4,0
DA:5,0
DA:6,0
DA:7,0
DA:10,0
DA:11,0
DA:24,0
DA:73,0
DA:74,0
DA:75,0
DA:76,0
DA:77,0
DA:78,0
DA:79,0
DA:80,0
DA:81,0
DA:83,0
DA:84,0
DA:85,0
DA:90,0
DA:109,0
DA:132,0
DA:149,0
DA:150,0
DA:151,0
DA:152,0
DA:154,0
DA:160,0
DA:161,0
DA:167,0
DA:171,0
DA:172,0
DA:173,0
DA:174,0
DA:175,0
DA:176,0
DA:181,0
DA:189,0
DA:190,0
DA:193,0
DA:194,0
DA:200,0
DA:201,0
DA:313,0
DA:331,0
DA:360,0
DA:389,0
DA:418,0
DA:438,0
DA:445,0
DA:474,0
DA:494,0
LF:53
LH:0
BRDA:215,0,0,0
BRDA:215,0,1,0
BRDA:319,1,0,0
BRDA:319,1,1,0
BRDA:320,2,0,0
BRDA:320,2,1,0
BRDA:334,3,0,0
BRDA:367,4,0,0
BRDA:377,5,0,0
BRDA:377,5,1,0
BRDA:378,6,0,0
BRDA:378,6,1,0
BRDA:392,7,0,0
BRDA:426,8,0,0
BRDA:426,8,1,0
BRDA:427,9,0,0
BRDA:427,9,1,0
BRDA:448,10,0,0
BRDA:477,11,0,0
BRDA:477,11,1,0
BRDA:483,12,0,0
BRDA:497,13,0,0
BRF:22
BRH:0
end_of_record
TN:
SF:src/app/admin/analytics/page.tsx
FN:40,AdminAnalyticsPage
FN:45,(anonymous_2)
FN:46,(anonymous_3)
FN:57,(anonymous_4)
FN:58,(anonymous_5)
FN:59,(anonymous_6)
FN:61,(anonymous_7)
FN:62,(anonymous_8)
FN:63,(anonymous_9)
FN:66,(anonymous_10)
FN:68,(anonymous_11)
FN:111,(anonymous_12)
FN:145,(anonymous_13)
FN:152,(anonymous_14)
FN:159,(anonymous_15)
FN:230,(anonymous_16)
FN:261,(anonymous_17)
FNF:17
FNH:0
FNDA:0,AdminAnalyticsPage
FNDA:0,(anonymous_2)
FNDA:0,(anonymous_3)
FNDA:0,(anonymous_4)
FNDA:0,(anonymous_5)
FNDA:0,(anonymous_6)
FNDA:0,(anonymous_7)
FNDA:0,(anonymous_8)
FNDA:0,(anonymous_9)
FNDA:0,(anonymous_10)
FNDA:0,(anonymous_11)
FNDA:0,(anonymous_12)
FNDA:0,(anonymous_13)
FNDA:0,(anonymous_14)
FNDA:0,(anonymous_15)
FNDA:0,(anonymous_16)
FNDA:0,(anonymous_17)
DA:3,0
DA:4,0
DA:5,0
DA:15,0
DA:40,0
DA:41,0
DA:42,0
DA:43,0
DA:45,0
DA:46,0
DA:47,0
DA:48,0
DA:49,0
DA:50,0
DA:51,0
DA:53,0
DA:56,0
DA:57,0
DA:58,0
DA:59,0
DA:61,0
DA:62,0
DA:63,0
DA:65,0
DA:66,0
DA:68,0
DA:76,0
DA:83,0
DA:96,0
DA:98,0
DA:102,0
DA:105,0
DA:112,0
DA:124,0
DA:145,0
DA:152,0
DA:159,0
DA:231,0
DA:262,0
LF:39
LH:0
BRDA:50,0,0,0
BRDA:105,1,0,0
BRDA:124,2,0,0
BRDA:143,3,0,0
BRDA:143,3,1,0
BRDA:150,4,0,0
BRDA:150,4,1,0
BRDA:157,5,0,0
BRDA:157,5,1,0
BRDA:202,6,0,0
BRDA:202,6,1,0
BRF:11
BRH:0
end_of_record
TN:
SF:src/app/admin/mailing/page.tsx
FN:35,MailingPage
FN:43,(anonymous_5)
FN:65,(anonymous_6)
FN:69,(anonymous_7)
FN:83,(anonymous_8)
FN:88,(anonymous_9)
FN:94,(anonymous_10)
FN:112,(anonymous_11)
FN:118,(anonymous_12)
FN:128,(anonymous_13)
FN:188,(anonymous_14)
FN:212,(anonymous_15)
FN:222,(anonymous_16)
FN:254,(anonymous_17)
FN:275,(anonymous_18)
FNF:15
FNH:0
FNDA:0,MailingPage
FNDA:0,(anonymous_5)
FNDA:0,(anonymous_6)
FNDA:0,(anonymous_7)
FNDA:0,(anonymous_8)
FNDA:0,(anonymous_9)
FNDA:0,(anonymous_10)
FNDA:0,(anonymous_11)
FNDA:0,(anonymous_12)
FNDA:0,(anonymous_13)
FNDA:0,(anonymous_14)
FNDA:0,(anonymous_15)
FNDA:0,(anonymous_16)
FNDA:0,(anonymous_17)
FNDA:0,(anonymous_18)
DA:3,0
DA:4,0
DA:5,0
DA:6,0
DA:7,0
DA:8,0
DA:9,0
DA:20,0
DA:35,0
DA:36,0
DA:37,0
DA:38,0
DA:39,0
DA:40,0
DA:41,0
DA:43,0
DA:44,0
DA:45,0
DA:46,0
DA:47,0
DA:48,0
DA:49,0
DA:51,0
DA:54,0
DA:55,0
DA:61,0
DA:65,0
DA:66,0
DA:67,0
DA:68,0
DA:69,0
DA:70,0
DA:75,0
DA:83,0
DA:84,0
DA:86,0
DA:88,0
DA:94,0
DA:96,0
DA:97,0
DA:98,0
DA:99,0
DA:100,0
DA:101,0
DA:102,0
DA:103,0
DA:104,0
DA:106,0
DA:112,0
DA:113,0
DA:114,0
DA:115,0
DA:118,0
DA:119,0
DA:128,0
DA:129,0
DA:188,0
DA:212,0
DA:222,0
DA:255,0
DA:275,0
LF:61
LH:0
BRDA:47,0,0,0
BRDA:47,0,1,0
BRDA:84,1,0,0
BRDA:112,2,0,0
BRDA:112,2,1,0
BRDA:114,3,0,0
BRDA:114,3,1,0
BRDA:115,4,0,0
BRDA:115,4,1,0
BRDA:145,5,0,0
BRDA:145,5,1,0
BRDA:159,6,0,0
BRDA:159,6,1,0
BRDA:173,7,0,0
BRDA:173,7,1,0
BRDA:176,8,0,0
BRDA:176,8,1,0
BRDA:188,9,0,0
BRDA:188,9,1,0
BRDA:244,10,0,0
BRDA:249,11,0,0
BRDA:260,12,0,0
BRDA:260,12,1,0
BRDA:278,13,0,0
BRF:24
BRH:0
end_of_record
TN:
SF:src/app/admin/posts/page.tsx
FN:9,AdminPostsPage
FN:28,(anonymous_3)
FN:42,(anonymous_4)
FN:71,(anonymous_5)
FN:72,(anonymous_6)
FN:77,(anonymous_7)
FN:91,(anonymous_8)
FNF:7
FNH:0
FNDA:0,AdminPostsPage
FNDA:0,(anonymous_3)
FNDA:0,(anonymous_4)
FNDA:0,(anonymous_5)
FNDA:0,(anonymous_6)
FNDA:0,(anonymous_7)
FNDA:0,(anonymous_8)
DA:3,0
DA:4,0
DA:5,0
DA:6,0
DA:7,0
DA:9,0
DA:19,0
DA:21,0
DA:29,0
DA:37,0
DA:42,0
DA:47,0
DA:48,0
DA:71,0
DA:72,0
DA:78,0
DA:91,0
LF:17
LH:0
BRDA:21,0,0,0
BRDA:37,1,0,0
BRDA:47,2,0,0
BRF:3
BRH:0
end_of_record
TN:
SF:src/app/admin/posts/calendar/page.tsx
FN:19,ContentCalendarPage
FN:25,(anonymous_2)
FN:30,(anonymous_3)
FN:35,(anonymous_4)
FN:40,(anonymous_5)
FN:53,(anonymous_6)
FN:65,(anonymous_7)
FNF:7
FNH:0
FNDA:0,ContentCalendarPage
FNDA:0,(anonymous_2)
FNDA:0,(anonymous_3)
FNDA:0,(anonymous_4)
FNDA:0,(anonymous_5)
FNDA:0,(anonymous_6)
FNDA:0,(anonymous_7)
DA:3,0
DA:4,0
DA:5,0
DA:7,0
DA:8,0
DA:9,0
DA:17,0
DA:19,0
DA:20,0
DA:21,0
DA:22,0
DA:23,0
DA:25,0
DA:26,0
DA:27,0
DA:30,0
DA:31,0
DA:32,0
DA:35,0
DA:37,0
DA:40,0
DA:41,0
DA:42,0
DA:49,0
DA:53,0
DA:54,0
DA:55,0
DA:56,0
DA:59,0
DA:65,0
LF:30
LH:0
BRDA:41,0,0,0
BRDA:45,1,0,0
BRDA:45,1,1,0
BRDA:59,2,0,0
BRDA:59,3,0,0
BRDA:59,3,1,0
BRF:6
BRH:0
end_of_record
TN:
SF:src/app/admin/posts/create/page.tsx
FN:36,CreatePostPage
FN:51,(anonymous_3)
FN:52,(anonymous_4)
FN:58,(anonymous_5)
FN:59,(anonymous_6)
FN:62,(anonymous_7)
FN:67,(anonymous_8)
FN:68,(anonymous_9)
FN:75,(anonymous_10)
FN:115,(anonymous_11)
FN:151,(anonymous_12)
FN:162,(anonymous_13)
FN:174,(anonymous_14)
FN:186,(anonymous_15)
FN:211,(anonymous_16)
FN:225,(anonymous_17)
FN:243,(anonymous_18)
FN:252,(anonymous_19)
FN:257,(anonymous_20)
FN:275,(anonymous_21)
FN:280,(anonymous_22)
FNF:21
FNH:0
FNDA:0,CreatePostPage
FNDA:0,(anonymous_3)
FNDA:0,(anonymous_4)
FNDA:0,(anonymous_5)
FNDA:0,(anonymous_6)
FNDA:0,(anonymous_7)
FNDA:0,(anonymous_8)
FNDA:0,(anonymous_9)
FNDA:0,(anonymous_10)
FNDA:0,(anonymous_11)
FNDA:0,(anonymous_12)
FNDA:0,(anonymous_13)
FNDA:0,(anonymous_14)
FNDA:0,(anonymous_15)
FNDA:0,(anonymous_16)
FNDA:0,(anonymous_17)
FNDA:0,(anonymous_18)
FNDA:0,(anonymous_19)
FNDA:0,(anonymous_20)
FNDA:0,(anonymous_21)
FNDA:0,(anonymous_22)
DA:3,0
DA:4,0
DA:5,0
DA:6,0
DA:7,0
DA:8,0
DA:9,0
DA:10,0
DA:11,0
DA:12,0
DA:13,0
DA:15,0
DA:23,0
DA:36,0
DA:37,0
DA:38,0
DA:49,0
DA:51,0
DA:52,0
DA:58,0
DA:59,0
DA:62,0
DA:67,0
DA:68,0
DA:75,0
DA:76,0
DA:77,0
DA:79,0
DA:80,0
DA:81,0
DA:82,0
DA:84,0
DA:102,0
DA:103,0
DA:106,0
DA:108,0
DA:109,0
DA:111,0
DA:115,0
DA:116,0
DA:117,0
DA:118,0
DA:151,0
DA:162,0
DA:174,0
DA:186,0
DA:211,0
DA:225,0
DA:243,0
DA:252,0
DA:258,0
DA:276,0
DA:280,0
LF:53
LH:0
BRDA:61,0,0,0
BRDA:61,0,1,0
BRDA:71,1,0,0
BRDA:71,1,1,0
BRDA:81,2,0,0
BRDA:81,2,1,0
BRDA:82,3,0,0
BRDA:82,3,1,0
BRDA:82,4,0,0
BRDA:82,4,1,0
BRDA:102,5,0,0
BRDA:236,6,0,0
BRDA:278,7,0,0
BRDA:278,7,1,0
BRDA:295,8,0,0
BRDA:295,8,1,0
BRDA:296,9,0,0
BRDA:296,9,1,0
BRF:18
BRH:0
end_of_record
TN:
SF:src/app/admin/posts/edit/[slug]/page.tsx
FN:37,EditPostPage
FN:56,(anonymous_3)
FN:57,(anonymous_4)
FN:96,(anonymous_5)
FN:97,(anonymous_6)
FN:103,(anonymous_7)
FN:104,(anonymous_8)
FN:107,(anonymous_9)
FN:112,(anonymous_10)
FN:113,(anonymous_11)
FN:120,(anonymous_12)
FN:156,(anonymous_13)
FN:229,(anonymous_14)
FN:240,(anonymous_15)
FN:252,(anonymous_16)
FN:264,(anonymous_17)
FN:289,(anonymous_18)
FN:303,(anonymous_19)
FN:321,(anonymous_20)
FN:330,(anonymous_21)
FN:345,(anonymous_22)
FN:350,(anonymous_23)
FN:368,(anonymous_24)
FN:373,(anonymous_25)
FNF:24
FNH:0
FNDA:0,EditPostPage
FNDA:0,(anonymous_3)
FNDA:0,(anonymous_4)
FNDA:0,(anonymous_5)
FNDA:0,(anonymous_6)
FNDA:0,(anonymous_7)
FNDA:0,(anonymous_8)
FNDA:0,(anonymous_9)
FNDA:0,(anonymous_10)
FNDA:0,(anonymous_11)
FNDA:0,(anonymous_12)
FNDA:0,(anonymous_13)
FNDA:0,(anonymous_14)
FNDA:0,(anonymous_15)
FNDA:0,(anonymous_16)
FNDA:0,(anonymous_17)
FNDA:0,(anonymous_18)
FNDA:0,(anonymous_19)
FNDA:0,(anonymous_20)
FNDA:0,(anonymous_21)
FNDA:0,(anonymous_22)
FNDA:0,(anonymous_23)
FNDA:0,(anonymous_24)
FNDA:0,(anonymous_25)
DA:3,0
DA:4,0
DA:6,0
DA:7,0
DA:8,0
DA:9,0
DA:10,0
DA:11,0
DA:12,0
DA:13,0
DA:14,0
DA:16,0
DA:24,0
DA:37,0
DA:38,0
DA:39,0
DA:40,0
DA:41,0
DA:42,0
DA:43,0
DA:54,0
DA:56,0
DA:57,0
DA:58,0
DA:59,0
DA:60,0
DA:62,0
DA:63,0
DA:64,0
DA:66,0
DA:69,0
DA:70,0
DA:73,0
DA:85,0
DA:87,0
DA:91,0
DA:92,0
DA:96,0
DA:97,0
DA:103,0
DA:104,0
DA:107,0
DA:112,0
DA:113,0
DA:120,0
DA:121,0
DA:122,0
DA:124,0
DA:125,0
DA:126,0
DA:127,0
DA:129,0
DA:143,0
DA:144,0
DA:147,0
DA:149,0
DA:150,0
DA:152,0
DA:156,0
DA:157,0
DA:158,0
DA:159,0
DA:162,0
DA:183,0
DA:195,0
DA:196,0
DA:229,0
DA:240,0
DA:252,0
DA:264,0
DA:289,0
DA:303,0
DA:321,0
DA:330,0
DA:345,0
DA:351,0
DA:369,0
DA:373,0
LF:78
LH:0
BRDA:62,0,0,0
BRDA:63,1,0,0
BRDA:79,2,0,0
BRDA:79,2,1,0
BRDA:81,3,0,0
BRDA:81,3,1,0
BRDA:82,4,0,0
BRDA:82,4,1,0
BRDA:85,5,0,0
BRDA:85,5,1,0
BRDA:91,6,0,0
BRDA:106,7,0,0
BRDA:106,7,1,0
BRDA:116,8,0,0
BRDA:116,8,1,0
BRDA:126,9,0,0
BRDA:126,9,1,0
BRDA:127,10,0,0
BRDA:127,10,1,0
BRDA:127,11,0,0
BRDA:127,11,1,0
BRDA:143,12,0,0
BRDA:162,13,0,0
BRDA:183,14,0,0
BRDA:195,15,0,0
BRDA:314,16,0,0
BRDA:371,17,0,0
BRDA:371,17,1,0
BRDA:388,18,0,0
BRDA:388,18,1,0
BRF:30
BRH:0
end_of_record
TN:
SF:src/app/admin/posts/settings/page.tsx
FN:21,ContentCalendarSettingsPage
FN:39,(anonymous_2)
FN:40,(anonymous_3)
FN:41,(anonymous_4)
FN:43,(anonymous_5)
FN:49,(anonymous_6)
FN:50,(anonymous_7)
FN:50,(anonymous_8)
FN:53,(anonymous_9)
FN:54,(anonymous_10)
FN:61,(anonymous_11)
FN:68,(anonymous_12)
FN:86,(anonymous_13)
FN:91,(anonymous_14)
FN:117,(anonymous_15)
FN:150,(anonymous_16)
FN:150,(anonymous_17)
FN:166,(anonymous_18)
FN:166,(anonymous_19)
FN:185,(anonymous_20)
FN:190,(anonymous_21)
FN:192,(anonymous_22)
FN:194,(anonymous_23)
FN:212,(anonymous_24)
FN:212,(anonymous_25)
FN:225,(anonymous_26)
FN:225,(anonymous_27)
FN:256,(anonymous_28)
FN:256,(anonymous_29)
FN:268,(anonymous_30)
FN:268,(anonymous_31)
FNF:31
FNH:0
FNDA:0,ContentCalendarSettingsPage
FNDA:0,(anonymous_2)
FNDA:0,(anonymous_3)
FNDA:0,(anonymous_4)
FNDA:0,(anonymous_5)
FNDA:0,(anonymous_6)
FNDA:0,(anonymous_7)
FNDA:0,(anonymous_8)
FNDA:0,(anonymous_9)
FNDA:0,(anonymous_10)
FNDA:0,(anonymous_11)
FNDA:0,(anonymous_12)
FNDA:0,(anonymous_13)
FNDA:0,(anonymous_14)
FNDA:0,(anonymous_15)
FNDA:0,(anonymous_16)
FNDA:0,(anonymous_17)
FNDA:0,(anonymous_18)
FNDA:0,(anonymous_19)
FNDA:0,(anonymous_20)
FNDA:0,(anonymous_21)
FNDA:0,(anonymous_22)
FNDA:0,(anonymous_23)
FNDA:0,(anonymous_24)
FNDA:0,(anonymous_25)
FNDA:0,(anonymous_26)
FNDA:0,(anonymous_27)
FNDA:0,(anonymous_28)
FNDA:0,(anonymous_29)
FNDA:0,(anonymous_30)
FNDA:0,(anonymous_31)
DA:3,0
DA:4,0
DA:6,0
DA:7,0
DA:8,0
DA:9,0
DA:11,0
DA:19,0
DA:21,0
DA:22,0
DA:23,0
DA:39,0
DA:40,0
DA:41,0
DA:42,0
DA:43,0
DA:45,0
DA:49,0
DA:50,0
DA:53,0
DA:54,0
DA:61,0
DA:63,0
DA:64,0
DA:65,0
DA:68,0
DA:69,0
DA:75,0
DA:76,0
DA:77,0
DA:78,0
DA:79,0
DA:80,0
DA:81,0
DA:82,0
DA:83,0
DA:86,0
DA:87,0
DA:88,0
DA:90,0
DA:91,0
DA:92,0
DA:93,0
DA:94,0
DA:95,0
DA:97,0
DA:98,0
DA:101,0
DA:117,0
DA:150,0
DA:166,0
DA:186,0
DA:191,0
DA:192,0
DA:194,0
DA:212,0
DA:225,0
DA:256,0
DA:268,0
LF:59
LH:0
BRDA:42,0,0,0
BRDA:43,1,0,0
BRDA:43,1,1,0
BRDA:88,2,0,0
BRDA:94,3,0,0
BRDA:95,4,0,0
BRDA:189,5,0,0
BRDA:189,5,1,0
BRDA:191,6,0,0
BRDA:191,6,1,0
BRF:10
BRH:0
end_of_record
TN:
SF:src/app/admin/settings/page.tsx
FN:21,AdminSettingsPage
FN:43,(anonymous_2)
FN:44,(anonymous_3)
FN:50,(anonymous_4)
FN:53,(anonymous_5)
FN:82,(anonymous_6)
FN:91,(anonymous_7)
FN:101,(anonymous_8)
FN:107,(anonymous_9)
FN:123,(anonymous_10)
FN:153,(anonymous_11)
FN:163,(anonymous_12)
FN:175,(anonymous_13)
FN:198,(anonymous_14)
FN:210,(anonymous_15)
FN:222,(anonymous_16)
FN:234,(anonymous_17)
FN:255,(anonymous_18)
FN:264,(anonymous_19)
FN:277,(anonymous_20)
FN:289,(anonymous_21)
FNF:21
FNH:0
FNDA:0,AdminSettingsPage
FNDA:0,(anonymous_2)
FNDA:0,(anonymous_3)
FNDA:0,(anonymous_4)
FNDA:0,(anonymous_5)
FNDA:0,(anonymous_6)
FNDA:0,(anonymous_7)
FNDA:0,(anonymous_8)
FNDA:0,(anonymous_9)
FNDA:0,(anonymous_10)
FNDA:0,(anonymous_11)
FNDA:0,(anonymous_12)
FNDA:0,(anonymous_13)
FNDA:0,(anonymous_14)
FNDA:0,(anonymous_15)
FNDA:0,(anonymous_16)
FNDA:0,(anonymous_17)
FNDA:0,(anonymous_18)
FNDA:0,(anonymous_19)
FNDA:0,(anonymous_20)
FNDA:0,(anonymous_21)
DA:3,0
DA:4,0
DA:5,0
DA:6,0
DA:7,0
DA:8,0
DA:9,0
DA:10,0
DA:19,0
DA:21,0
DA:22,0
DA:41,0
DA:43,0
DA:44,0
DA:50,0
DA:51,0
DA:53,0
DA:54,0
DA:56,0
DA:82,0
DA:91,0
DA:101,0
DA:107,0
DA:123,0
DA:153,0
DA:163,0
DA:175,0
DA:198,0
DA:210,0
DA:222,0
DA:234,0
DA:255,0
DA:264,0
DA:277,0
DA:289,0
LF:35
LH:0
BRDA:300,0,0,0
BRDA:300,0,1,0
BRF:2
BRH:0
end_of_record
TN:
SF:src/app/admin/users/page.tsx
FN:72,AdminUsersPage
FN:77,(anonymous_2)
FN:82,(anonymous_3)
FN:93,(anonymous_4)
FN:106,(anonymous_5)
FN:150,(anonymous_6)
FN:165,(anonymous_7)
FN:180,(anonymous_8)
FN:197,(anonymous_9)
FN:211,(anonymous_10)
FNF:10
FNH:0
FNDA:0,AdminUsersPage
FNDA:0,(anonymous_2)
FNDA:0,(anonymous_3)
FNDA:0,(anonymous_4)
FNDA:0,(anonymous_5)
FNDA:0,(anonymous_6)
FNDA:0,(anonymous_7)
FNDA:0,(anonymous_8)
FNDA:0,(anonymous_9)
FNDA:0,(anonymous_10)
DA:3,0
DA:4,0
DA:5,0
DA:6,0
DA:7,0
DA:16,0
DA:29,0
DA:72,0
DA:73,0
DA:74,0
DA:75,0
DA:77,0
DA:78,0
DA:82,0
DA:83,0
DA:93,0
DA:94,0
DA:106,0
DA:107,0
DA:150,0
DA:165,0
DA:180,0
DA:197,0
DA:212,0
LF:24
LH:0
BRDA:78,0,0,0
BRDA:78,0,1,0
BRF:2
BRH:0
end_of_record
TN:
SF:src/app/api/admin/stripe/customers/route.ts
FN:3,GET
FNF:1
FNH:0
FNDA:0,GET
DA:1,0
DA:3,0
DA:4,0
DA:5,0
DA:13,0
DA:14,0
DA:17,0
DA:18,0
DA:20,0
DA:21,0
LF:10
LH:0
BRDA:5,0,0,0
BRDA:5,0,1,0
BRDA:8,1,0,0
BRDA:8,1,1,0
BRDA:13,2,0,0
BRF:5
BRH:0
end_of_record
TN:
SF:src/app/api/admin/stripe/payment-links/route.ts
FN:3,GET
FNF:1
FNH:0
FNDA:0,GET
DA:1,0
DA:3,0
DA:4,0
DA:5,0
DA:13,0
DA:14,0
DA:17,0
DA:18,0
DA:20,0
DA:21,0
LF:10
LH:0
BRDA:5,0,0,0
BRDA:5,0,1,0
BRDA:8,1,0,0
BRDA:8,1,1,0
BRDA:13,2,0,0
BRF:5
BRH:0
end_of_record
TN:
SF:src/app/api/admin/stripe/prices/route.ts
FN:3,GET
FNF:1
FNH:0
FNDA:0,GET
DA:1,0
DA:3,0
DA:4,0
DA:5,0
DA:13,0
DA:14,0
DA:17,0
DA:18,0
DA:20,0
DA:21,0
LF:10
LH:0
BRDA:5,0,0,0
BRDA:5,0,1,0
BRDA:8,1,0,0
BRDA:8,1,1,0
BRDA:13,2,0,0
BRF:5
BRH:0
end_of_record
TN:
SF:src/app/api/admin/stripe/products/route.ts
FN:3,GET
FNF:1
FNH:0
FNDA:0,GET
DA:1,0
DA:3,0
DA:4,0
DA:5,0
DA:13,0
DA:14,0
DA:17,0
DA:18,0
DA:20,0
DA:21,0
LF:10
LH:0
BRDA:5,0,0,0
BRDA:5,0,1,0
BRDA:8,1,0,0
BRDA:8,1,1,0
BRDA:13,2,0,0
BRF:5
BRH:0
end_of_record
TN:
SF:src/app/api/analysis/music/route.ts
FN:5,POST
FN:51,(anonymous_2)
FNF:2
FNH:0
FNDA:0,POST
FNDA:0,(anonymous_2)
DA:1,0
DA:3,0
DA:5,0
DA:6,0
DA:7,0
DA:9,0
DA:10,0
DA:13,0
DA:14,0
DA:15,0
DA:23,0
DA:24,0
DA:28,0
DA:30,0
DA:31,0
DA:32,0
DA:33,0
DA:34,0
DA:38,0
DA:39,0
DA:41,0
DA:42,0
DA:44,0
DA:50,0
DA:51,0
DA:53,0
DA:59,0
DA:61,0
DA:63,0
DA:64,0
DA:65,0
DA:66,0
DA:72,0
DA:73,0
DA:75,0
DA:77,0
DA:78,0
LF:37
LH:0
BRDA:3,0,0,0
BRDA:3,0,1,0
BRDA:14,1,0,0
BRDA:28,2,0,0
BRDA:28,2,1,0
BRDA:63,3,0,0
BRF:6
BRH:0
end_of_record
TN:
SF:src/app/api/analysis/music/[trackId]/route.ts
FN:5,POST
FN:17,(anonymous_2)
FNF:2
FNH:0
FNDA:0,POST
FNDA:0,(anonymous_2)
DA:1,0
DA:3,0
DA:5,0
DA:9,0
DA:10,0
DA:11,0
DA:13,0
DA:14,0
DA:16,0
DA:17,0
DA:20,0
DA:21,0
DA:25,0
DA:26,0
DA:29,0
DA:35,0
DA:37,0
DA:39,0
DA:40,0
DA:41,0
DA:42,0
DA:48,0
DA:49,0
DA:50,0
DA:52,0
DA:54,0
DA:55,0
DA:60,0
LF:28
LH:0
BRDA:3,0,0,0
BRDA:3,0,1,0
BRDA:25,1,0,0
BRDA:39,2,0,0
BRDA:56,3,0,0
BRDA:56,3,1,0
BRDA:57,4,0,0
BRDA:57,4,1,0
BRDA:63,5,0,0
BRDA:63,5,1,0
BRF:10
BRH:0
end_of_record
TN:
SF:src/app/api/auth/github/route.ts
FN:5,GET
FN:13,(anonymous_2)
FN:47,(anonymous_3)
FN:82,(anonymous_4)
FNF:4
FNH:0
FNDA:0,GET
FNDA:0,(anonymous_2)
FNDA:0,(anonymous_3)
FNDA:0,(anonymous_4)
DA:1,0
DA:3,0
DA:5,0
DA:6,0
DA:7,0
DA:9,0
DA:10,0
DA:12,0
DA:13,0
DA:15,0
DA:23,0
DA:25,0
DA:27,0
DA:28,0
DA:29,0
DA:32,0
DA:33,0
DA:36,0
DA:37,0
DA:39,0
DA:46,0
DA:47,0
DA:50,0
DA:52,0
DA:55,0
DA:61,0
DA:62,0
DA:64,0
DA:66,0
DA:69,0
DA:71,0
DA:72,0
DA:74,0
DA:81,0
DA:82,0
DA:85,0
DA:87,0
LF:37
LH:0
BRDA:3,0,0,0
BRDA:3,0,1,0
BRDA:27,1,0,0
BRDA:32,2,0,0
BRDA:32,3,0,0
BRDA:32,3,1,0
BRDA:36,4,0,0
BRDA:36,4,1,0
BRDA:37,5,0,0
BRDA:37,5,1,0
BRDA:37,6,0,0
BRDA:37,6,1,0
BRDA:71,7,0,0
BRDA:71,7,1,0
BRDA:72,8,0,0
BRDA:72,8,1,0
BRDA:72,9,0,0
BRDA:72,9,1,0
BRF:18
BRH:0
end_of_record
TN:
SF:src/app/api/auth/github/callback/route.ts
FN:5,POST
FN:27,(anonymous_2)
FN:126,(anonymous_3)
FNF:3
FNH:0
FNDA:0,POST
FNDA:0,(anonymous_2)
FNDA:0,(anonymous_3)
DA:1,0
DA:3,0
DA:5,0
DA:6,0
DA:7,0
DA:9,0
DA:10,0
DA:12,0
DA:14,0
DA:15,0
DA:22,0
DA:23,0
DA:24,0
DA:26,0
DA:27,0
DA:29,0
DA:38,0
DA:40,0
DA:42,0
DA:43,0
DA:44,0
DA:45,0
DA:47,0
DA:48,0
DA:49,0
DA:52,0
DA:55,0
DA:56,0
DA:59,0
DA:60,0
DA:66,0
DA:75,0
DA:76,0
DA:77,0
DA:78,0
DA:84,0
DA:85,0
DA:87,0
DA:88,0
DA:89,0
DA:96,0
DA:97,0
DA:104,0
DA:105,0
DA:106,0
DA:112,0
DA:115,0
DA:116,0
DA:117,0
DA:124,0
DA:125,0
DA:126,0
DA:127,0
DA:128,0
DA:134,0
DA:144,0
DA:150,0
DA:156,0
DA:157,0
DA:160,0
DA:161,0
LF:61
LH:0
BRDA:3,0,0,0
BRDA:3,0,1,0
BRDA:14,1,0,0
BRDA:42,2,0,0
BRDA:42,2,1,0
BRDA:55,3,0,0
BRDA:55,3,1,0
BRDA:56,4,0,0
BRDA:56,4,1,0
BRDA:75,5,0,0
BRDA:87,6,0,0
BRDA:104,7,0,0
BRDA:116,8,0,0
BRDA:124,9,0,0
BRDA:127,10,0,0
BRDA:136,11,0,0
BRDA:136,11,1,0
BRDA:137,12,0,0
BRDA:137,12,1,0
BRF:19
BRH:0
end_of_record
TN:
SF:src/app/api/auth/google/route.ts
FN:5,GET
FN:13,(anonymous_2)
FNF:2
FNH:0
FNDA:0,GET
FNDA:0,(anonymous_2)
DA:1,0
DA:3,0
DA:5,0
DA:6,0
DA:7,0
DA:9,0
DA:10,0
DA:12,0
DA:13,0
DA:15,0
DA:23,0
DA:25,0
DA:27,0
DA:28,0
DA:29,0
DA:32,0
DA:33,0
DA:34,0
DA:40,0
DA:46,0
DA:47,0
DA:49,0
DA:51,0
DA:54,0
LF:24
LH:0
BRDA:3,0,0,0
BRDA:3,0,1,0
BRDA:27,1,0,0
BRDA:32,2,0,0
BRDA:32,3,0,0
BRDA:32,3,1,0
BRF:6
BRH:0
end_of_record
TN:
SF:src/app/api/auth/google/callback/route.ts
FN:5,POST
FN:27,(anonymous_2)
FNF:2
FNH:0
FNDA:0,POST
FNDA:0,(anonymous_2)
DA:1,0
DA:3,0
DA:5,0
DA:6,0
DA:7,0
DA:9,0
DA:10,0
DA:12,0
DA:14,0
DA:15,0
DA:22,0
DA:23,0
DA:24,0
DA:26,0
DA:27,0
DA:29,0
DA:38,0
DA:40,0
DA:42,0
DA:43,0
DA:44,0
DA:45,0
DA:47,0
DA:48,0
DA:49,0
DA:52,0
DA:55,0
DA:61,0
DA:62,0
LF:29
LH:0
BRDA:3,0,0,0
BRDA:3,0,1,0
BRDA:14,1,0,0
BRDA:42,2,0,0
BRDA:42,2,1,0
BRF:5
BRH:0
end_of_record
TN:
SF:src/app/api/auth/login/route.ts
FN:3,POST
FNF:1
FNH:0
FNDA:0,POST
DA:1,0
DA:3,0
DA:4,0
DA:5,0
DA:6,0
DA:8,0
DA:9,0
DA:16,0
DA:21,0
DA:22,0
LF:10
LH:0
BRDA:8,0,0,0
BRDA:8,1,0,0
BRDA:8,1,1,0
BRF:3
BRH:0
end_of_record
TN:
SF:src/app/api/auth/me/route.ts
FN:5,GET
FN:29,(anonymous_2)
FNF:2
FNH:0
FNDA:0,GET
FNDA:0,(anonymous_2)
DA:1,0
DA:3,0
DA:5,0
DA:6,0
DA:7,0
DA:9,0
DA:10,0
DA:17,0
DA:25,0
DA:26,0
DA:27,0
DA:29,0
DA:30,0
DA:33,0
DA:34,0
LF:15
LH:0
BRDA:3,0,0,0
BRDA:3,0,1,0
BRDA:9,1,0,0
BRDA:9,2,0,0
BRDA:9,2,1,0
BRDA:25,3,0,0
BRDA:25,3,1,0
BRF:7
BRH:0
end_of_record
TN:
SF:src/app/api/auth/refresh/route.ts
FN:5,POST
FN:30,(anonymous_2)
FNF:2
FNH:0
FNDA:0,POST
FNDA:0,(anonymous_2)
DA:1,0
DA:3,0
DA:5,0
DA:6,0
DA:7,0
DA:8,0
DA:10,0
DA:11,0
DA:18,0
DA:26,0
DA:27,0
DA:28,0
DA:30,0
DA:31,0
DA:34,0
DA:35,0
LF:16
LH:0
BRDA:3,0,0,0
BRDA:3,0,1,0
BRDA:10,1,0,0
BRDA:26,2,0,0
BRDA:26,2,1,0
BRF:5
BRH:0
end_of_record
TN:
SF:src/app/api/auth/register/route.ts
FN:3,POST
FNF:1
FNH:0
FNDA:0,POST
DA:1,0
DA:3,0
DA:4,0
DA:5,0
DA:6,0
DA:8,0
DA:9,0
DA:16,0
DA:21,0
DA:22,0
LF:10
LH:0
BRDA:8,0,0,0
BRDA:8,1,0,0
BRDA:8,1,1,0
BRF:3
BRH:0
end_of_record
TN:
SF:src/app/api/backend/workflows/create_music/analyzer/route.ts
FN:7,POST
FNF:1
FNH:0
FNDA:0,POST
DA:1,0
DA:7,0
DA:8,0
DA:9,0
DA:11,0
DA:12,0
DA:18,0
DA:22,0
DA:24,0
DA:56,0
DA:58,0
DA:64,0
DA:67,0
DA:80,0
DA:81,0
LF:15
LH:0
BRDA:11,0,0,0
BRDA:84,1,0,0
BRDA:84,1,1,0
BRF:3
BRH:0
end_of_record
TN:
SF:src/app/api/backend/workflows/create_music/generator/ai_random/route.ts
FN:5,GET
FNF:1
FNH:0
FNDA:0,GET
DA:1,0
DA:2,0
DA:3,0
DA:5,0
DA:6,0
DA:7,0
DA:8,0
DA:9,0
DA:11,0
DA:13,0
DA:14,0
LF:11
LH:0
BRF:0
BRH:0
end_of_record
TN:
SF:src/app/api/blog/route.ts
FN:199,(anonymous_3)
FN:200,(anonymous_4)
FN:202,(anonymous_5)
FN:203,(anonymous_6)
FN:226,GET
FN:240,(anonymous_8)
FN:242,(anonymous_9)
FN:247,(anonymous_10)
FN:251,(anonymous_11)
FN:255,(anonymous_12)
FN:259,(anonymous_13)
FN:260,(anonymous_14)
FN:266,(anonymous_15)
FN:293,POST
FNF:14
FNH:0
FNDA:0,(anonymous_3)
FNDA:0,(anonymous_4)
FNDA:0,(anonymous_5)
FNDA:0,(anonymous_6)
FNDA:0,GET
FNDA:0,(anonymous_8)
FNDA:0,(anonymous_9)
FNDA:0,(anonymous_10)
FNDA:0,(anonymous_11)
FNDA:0,(anonymous_12)
FNDA:0,(anonymous_13)
FNDA:0,(anonymous_14)
FNDA:0,(anonymous_15)
FNDA:0,POST
DA:1,0
DA:5,0
DA:197,0
DA:199,0
DA:200,0
DA:202,0
DA:203,0
DA:226,0
DA:227,0
DA:228,0
DA:229,0
DA:230,0
DA:231,0
DA:232,0
DA:233,0
DA:235,0
DA:238,0
DA:239,0
DA:240,0
DA:241,0
DA:242,0
DA:243,0
DA:247,0
DA:251,0
DA:254,0
DA:255,0
DA:258,0
DA:259,0
DA:260,0
DA:264,0
DA:265,0
DA:266,0
DA:267,0
DA:273,0
DA:274,0
DA:275,0
DA:277,0
DA:279,0
DA:293,0
DA:294,0
DA:295,0
DA:298,0
DA:307,0
DA:309,0
LF:44
LH:0
BRDA:228,0,0,0
BRDA:228,0,1,0
BRDA:229,1,0,0
BRDA:229,1,1,0
BRDA:233,2,0,0
BRDA:233,2,1,0
BRDA:238,3,0,0
BRDA:238,3,1,0
BRDA:239,4,0,0
BRDA:239,4,1,0
BRDA:241,5,0,0
BRDA:241,5,1,0
BRDA:243,6,0,0
BRDA:243,6,1,0
BRDA:243,6,2,0
BRDA:243,6,3,0
BRDA:251,7,0,0
BRDA:251,7,1,0
BRDA:254,8,0,0
BRDA:258,9,0,0
BRDA:264,10,0,0
BRDA:267,11,0,0
BRDA:267,11,1,0
BRDA:267,11,2,0
BRF:24
BRH:0
end_of_record
TN:
SF:src/app/api/blog/[slug]/route.ts
FN:202,GET
FN:208,(anonymous_5)
FN:223,PUT
FN:231,(anonymous_7)
FN:256,DELETE
FN:263,(anonymous_9)
FNF:6
FNH:0
FNDA:0,GET
FNDA:0,(anonymous_5)
FNDA:0,PUT
FNDA:0,(anonymous_7)
FNDA:0,DELETE
FNDA:0,(anonymous_9)
DA:1,0
DA:5,0
DA:202,0
DA:206,0
DA:208,0
DA:210,0
DA:211,0
DA:218,0
DA:220,0
DA:223,0
DA:227,0
DA:228,0
DA:229,0
DA:231,0
DA:233,0
DA:234,0
DA:241,0
DA:247,0
DA:249,0
DA:256,0
DA:260,0
DA:261,0
DA:263,0
DA:265,0
DA:266,0
DA:273,0
DA:275,0
DA:277,0
LF:28
LH:0
BRDA:210,0,0,0
BRDA:233,1,0,0
BRDA:265,2,0,0
BRF:3
BRH:0
end_of_record
TN:
SF:src/app/api/comfyui/comfyui-api.ts
FN:23,generateImage
FN:68,downloadImage
FN:106,getWorkflowStatus
FN:130,getAvailableWorkflows
FNF:4
FNH:0
FNDA:0,generateImage
FNDA:0,downloadImage
FNDA:0,getWorkflowStatus
FNDA:0,getAvailableWorkflows
DA:1,0
DA:2,0
DA:23,0
DA:27,0
DA:29,0
DA:41,0
DA:42,0
DA:45,0
DA:47,0
DA:48,0
DA:54,0
DA:60,0
DA:61,0
DA:68,0
DA:73,0
DA:75,0
DA:82,0
DA:83,0
DA:86,0
DA:88,0
DA:90,0
DA:92,0
DA:98,0
DA:99,0
DA:106,0
DA:107,0
DA:108,0
DA:115,0
DA:116,0
DA:119,0
DA:120,0
DA:122,0
DA:123,0
DA:130,0
DA:131,0
DA:132,0
DA:139,0
DA:140,0
DA:143,0
DA:144,0
DA:146,0
DA:147,0
LF:42
LH:0
BRDA:41,0,0,0
BRDA:47,1,0,0
BRDA:47,1,1,0
BRDA:51,2,0,0
BRDA:51,2,1,0
BRDA:56,3,0,0
BRDA:56,3,1,0
BRDA:63,4,0,0
BRDA:63,4,1,0
BRDA:70,5,0,0
BRDA:71,6,0,0
BRDA:82,7,0,0
BRDA:88,8,0,0
BRDA:88,8,1,0
BRDA:88,9,0,0
BRDA:88,9,1,0
BRDA:94,10,0,0
BRDA:94,10,1,0
BRDA:101,11,0,0
BRDA:101,11,1,0
BRDA:115,12,0,0
BRDA:125,13,0,0
BRDA:125,13,1,0
BRDA:139,14,0,0
BRDA:149,15,0,0
BRDA:149,15,1,0
BRF:26
BRH:0
end_of_record
TN:
SF:src/app/api/comfyui/route.ts
FN:5,GET
FN:43,POST
FN:73,getComfyUIStatus
FN:97,getWorkflows
FN:121,getWorkflowConfig
FN:151,executeWorkflow
FN:179,getRequestStatus
FN:209,getQueueStatus
FN:236,getAllRequests
FN:260,recruitComfyUIPod
FN:304,releaseComfyUIPod
FN:320,(anonymous_14)
FN:359,(anonymous_15)
FNF:13
FNH:0
FNDA:0,GET
FNDA:0,POST
FNDA:0,getComfyUIStatus
FNDA:0,getWorkflows
FNDA:0,getWorkflowConfig
FNDA:0,executeWorkflow
FNDA:0,getRequestStatus
FNDA:0,getQueueStatus
FNDA:0,getAllRequests
FNDA:0,recruitComfyUIPod
FNDA:0,releaseComfyUIPod
FNDA:0,(anonymous_14)
FNDA:0,(anonymous_15)
DA:1,0
DA:3,0
DA:5,0
DA:6,0
DA:7,0
DA:8,0
DA:10,0
DA:12,0
DA:14,0
DA:16,0
DA:17,0
DA:18,0
DA:20,0
DA:22,0
DA:23,0
DA:24,0
DA:26,0
DA:28,0
DA:30,0
DA:32,0
DA:35,0
DA:36,0
DA:43,0
DA:44,0
DA:45,0
DA:46,0
DA:48,0
DA:50,0
DA:52,0
DA:54,0
DA:55,0
DA:56,0
DA:57,0
DA:59,0
DA:61,0
DA:64,0
DA:65,0
DA:74,0
DA:75,0
DA:76,0
DA:83,0
DA:84,0
DA:87,0
DA:88,0
DA:90,0
DA:98,0
DA:99,0
DA:100,0
DA:107,0
DA:108,0
DA:111,0
DA:112,0
DA:114,0
DA:122,0
DA:123,0
DA:124,0
DA:131,0
DA:132,0
DA:133,0
DA:138,0
DA:141,0
DA:142,0
DA:144,0
DA:152,0
DA:153,0
DA:154,0
DA:165,0
DA:166,0
DA:169,0
DA:170,0
DA:172,0
DA:180,0
DA:181,0
DA:182,0
DA:189,0
DA:190,0
DA:191,0
DA:196,0
DA:199,0
DA:200,0
DA:202,0
DA:210,0
DA:211,0
DA:212,0
DA:219,0
DA:220,0
DA:223,0
DA:224,0
DA:229,0
DA:237,0
DA:238,0
DA:239,0
DA:246,0
DA:247,0
DA:250,0
DA:251,0
DA:253,0
DA:261,0
DA:262,0
DA:263,0
DA:277,0
DA:278,0
DA:281,0
DA:282,0
DA:296,0
DA:305,0
DA:307,0
DA:308,0
DA:315,0
DA:316,0
DA:319,0
DA:320,0
DA:321,0
DA:324,0
DA:325,0
DA:331,0
DA:334,0
DA:335,0
DA:336,0
DA:337,0
DA:344,0
DA:345,0
DA:351,0
DA:359,0
DA:360,0
DA:362,0
DA:374,0
LF:127
LH:0
BRDA:3,0,0,0
BRDA:3,0,1,0
BRDA:10,1,0,0
BRDA:10,1,1,0
BRDA:10,1,2,0
BRDA:10,1,3,0
BRDA:10,1,4,0
BRDA:10,1,5,0
BRDA:10,1,6,0
BRDA:17,2,0,0
BRDA:23,3,0,0
BRDA:48,4,0,0
BRDA:48,4,1,0
BRDA:48,4,2,0
BRDA:48,4,3,0
BRDA:56,5,0,0
BRDA:56,6,0,0
BRDA:56,6,1,0
BRDA:83,7,0,0
BRDA:92,8,0,0
BRDA:92,8,1,0
BRDA:107,9,0,0
BRDA:116,10,0,0
BRDA:116,10,1,0
BRDA:131,11,0,0
BRDA:132,12,0,0
BRDA:146,13,0,0
BRDA:146,13,1,0
BRDA:165,14,0,0
BRDA:174,15,0,0
BRDA:174,15,1,0
BRDA:189,16,0,0
BRDA:190,17,0,0
BRDA:204,18,0,0
BRDA:204,18,1,0
BRDA:219,19,0,0
BRDA:231,20,0,0
BRDA:231,20,1,0
BRDA:246,21,0,0
BRDA:255,22,0,0
BRDA:255,22,1,0
BRDA:277,23,0,0
BRDA:299,24,0,0
BRDA:299,24,1,0
BRDA:315,25,0,0
BRDA:320,26,0,0
BRDA:320,26,1,0
BRDA:321,27,0,0
BRDA:321,27,1,0
BRDA:324,28,0,0
BRDA:348,29,0,0
BRDA:348,29,1,0
BRDA:348,30,0,0
BRDA:348,30,1,0
BRDA:354,31,0,0
BRDA:354,31,1,0
BRDA:377,32,0,0
BRDA:377,32,1,0
BRF:58
BRH:0
end_of_record
TN:
SF:src/app/api/comfyui/download/route.ts
FN:4,GET
FNF:1
FNH:0
FNDA:0,GET
DA:1,0
DA:2,0
DA:4,0
DA:5,0
DA:6,0
DA:7,0
DA:9,0
DA:10,0
DA:16,0
DA:17,0
DA:24,0
DA:25,0
LF:12
LH:0
BRDA:9,0,0,0
BRF:1
BRH:0
end_of_record
TN:
SF:src/app/api/comfyui/generate/[workflowName]/route.ts
FN:4,POST
FNF:1
FNH:0
FNDA:0,POST
DA:1,0
DA:2,0
DA:4,0
DA:8,0
DA:9,0
DA:10,0
DA:11,0
DA:12,0
DA:14,0
DA:15,0
LF:10
LH:0
BRF:0
BRH:0
end_of_record
TN:
SF:src/app/api/comfyui/status/route.ts
FN:5,GET
FNF:1
FNH:0
FNDA:0,GET
DA:1,0
DA:3,0
DA:5,0
DA:6,0
DA:7,0
DA:8,0
DA:15,0
DA:16,0
DA:19,0
DA:20,0
DA:22,0
DA:23,0
LF:12
LH:0
BRDA:3,0,0,0
BRDA:3,0,1,0
BRDA:15,1,0,0
BRF:3
BRH:0
end_of_record
TN:
SF:src/app/api/comfyui/status/[promptId]/route.ts
FN:4,GET
FNF:1
FNH:0
FNDA:0,GET
DA:1,0
DA:2,0
DA:4,0
DA:8,0
DA:9,0
DA:10,0
DA:12,0
DA:13,0
LF:8
LH:0
BRF:0
BRH:0
end_of_record
TN:
SF:src/app/api/comfyui/workflows/route.ts
FN:4,GET
FNF:1
FNH:0
FNDA:0,GET
DA:1,0
DA:2,0
DA:4,0
DA:5,0
DA:6,0
DA:8,0
DA:9,0
LF:7
LH:0
BRF:0
BRH:0
end_of_record
TN:
SF:src/app/api/comfyui/workflows/[workflowName]/route.ts
FN:5,GET
FN:34,POST
FNF:2
FNH:0
FNDA:0,GET
FNDA:0,POST
DA:1,0
DA:3,0
DA:5,0
DA:9,0
DA:10,0
DA:11,0
DA:12,0
DA:19,0
DA:20,0
DA:23,0
DA:24,0
DA:26,0
DA:27,0
DA:34,0
DA:38,0
DA:39,0
DA:40,0
DA:45,0
DA:46,0
LF:19
LH:0
BRDA:3,0,0,0
BRDA:3,0,1,0
BRDA:19,1,0,0
BRF:3
BRH:0
end_of_record
TN:
SF:src/app/api/exports/route.ts
FN:4,POST
FN:26,(anonymous_2)
FNF:2
FNH:0
FNDA:0,POST
FNDA:0,(anonymous_2)
DA:1,0
DA:2,0
DA:4,0
DA:5,0
DA:6,0
DA:8,0
DA:9,0
DA:12,0
DA:13,0
DA:15,0
DA:16,0
DA:22,0
DA:23,0
DA:25,0
DA:26,0
DA:29,0
DA:30,0
DA:40,0
DA:42,0
DA:57,0
DA:59,0
DA:61,0
DA:62,0
DA:63,0
DA:66,0
DA:67,0
DA:68,0
DA:83,0
DA:89,0
DA:90,0
DA:92,0
DA:94,0
DA:96,0
DA:97,0
LF:34
LH:0
BRDA:15,0,0,0
BRDA:34,1,0,0
BRDA:34,1,1,0
BRDA:53,2,0,0
BRDA:53,2,1,0
BRDA:61,3,0,0
BRDA:66,4,0,0
BRDA:79,5,0,0
BRDA:79,5,1,0
BRF:9
BRH:0
end_of_record
TN:
SF:src/app/api/gemini/generate/route.ts
FN:3,POST
FN:79,formatBlogContent
FN:94,(anonymous_3)
FN:95,(anonymous_4)
FNF:4
FNH:0
FNDA:0,POST
FNDA:0,formatBlogContent
FNDA:0,(anonymous_3)
FNDA:0,(anonymous_4)
DA:1,0
DA:3,0
DA:4,0
DA:5,0
DA:7,0
DA:8,0
DA:14,0
DA:15,0
DA:22,0
DA:42,0
DA:43,0
DA:44,0
DA:47,0
DA:48,0
DA:50,0
DA:51,0
DA:55,0
DA:57,0
DA:68,0
DA:69,0
DA:81,0
DA:84,0
DA:85,0
DA:89,0
DA:94,0
DA:95,0
DA:106,0
LF:27
LH:0
BRDA:7,0,0,0
BRDA:14,1,0,0
BRDA:42,2,0,0
BRDA:44,3,0,0
BRDA:44,3,1,0
BRDA:50,4,0,0
BRDA:62,5,0,0
BRDA:62,5,1,0
BRDA:71,6,0,0
BRDA:71,6,1,0
BRDA:72,7,0,0
BRDA:72,7,1,0
BRDA:84,8,0,0
BRDA:92,9,0,0
BRDA:92,9,1,0
BRDA:101,10,0,0
BRDA:101,10,1,0
BRF:17
BRH:0
end_of_record
TN:
SF:src/app/api/mailing/subscribe/route.ts
FN:24,POST
FN:55,(anonymous_5)
FN:84,(anonymous_6)
FN:112,GET
FN:122,(anonymous_8)
FNF:5
FNH:0
FNDA:0,POST
FNDA:0,(anonymous_5)
FNDA:0,(anonymous_6)
FNDA:0,GET
FNDA:0,(anonymous_8)
DA:1,0
DA:2,0
DA:3,0
DA:22,0
DA:24,0
DA:25,0
DA:26,0
DA:28,0
DA:29,0
DA:37,0
DA:38,0
DA:39,0
DA:42,0
DA:54,0
DA:55,0
DA:58,0
DA:59,0
DA:61,0
DA:62,0
DA:63,0
DA:65,0
DA:72,0
DA:78,0
DA:82,0
DA:83,0
DA:84,0
DA:88,0
DA:94,0
DA:104,0
DA:105,0
DA:112,0
DA:113,0
DA:114,0
DA:115,0
DA:117,0
DA:122,0
DA:127,0
DA:128,0
LF:38
LH:0
BRDA:26,0,0,0
BRDA:28,1,0,0
BRDA:28,2,0,0
BRDA:28,2,1,0
BRDA:58,3,0,0
BRDA:58,3,1,0
BRDA:59,4,0,0
BRDA:59,4,1,0
BRF:8
BRH:0
end_of_record
TN:
SF:src/app/api/mailing/unsubscribe/route.ts
FN:24,POST
FN:49,(anonymous_3)
FN:72,(anonymous_4)
FNF:3
FNH:0
FNDA:0,POST
FNDA:0,(anonymous_3)
FNDA:0,(anonymous_4)
DA:1,0
DA:2,0
DA:3,0
DA:22,0
DA:24,0
DA:25,0
DA:26,0
DA:28,0
DA:29,0
DA:37,0
DA:38,0
DA:39,0
DA:41,0
DA:48,0
DA:49,0
DA:52,0
DA:53,0
DA:59,0
DA:60,0
DA:67,0
DA:70,0
DA:71,0
DA:72,0
DA:76,0
DA:82,0
DA:88,0
DA:89,0
LF:27
LH:0
BRDA:28,0,0,0
BRDA:28,1,0,0
BRDA:28,1,1,0
BRDA:52,2,0,0
BRDA:59,3,0,0
BRF:5
BRH:0
end_of_record
TN:
SF:src/app/api/music-analysis/analyze/comprehensive/route.ts
FN:5,POST
FN:12,(anonymous_2)
FN:18,(anonymous_3)
FNF:3
FNH:0
FNDA:0,POST
FNDA:0,(anonymous_2)
FNDA:0,(anonymous_3)
DA:1,0
DA:3,0
DA:5,0
DA:6,0
DA:7,0
DA:8,0
DA:10,0
DA:11,0
DA:12,0
DA:14,0
DA:15,0
DA:17,0
DA:18,0
DA:20,0
DA:26,0
DA:28,0
DA:30,0
DA:31,0
DA:32,0
DA:33,0
DA:39,0
DA:40,0
DA:42,0
DA:44,0
DA:45,0
DA:50,0
LF:26
LH:0
BRDA:3,0,0,0
BRDA:3,0,1,0
BRDA:12,1,0,0
BRDA:12,1,1,0
BRDA:30,2,0,0
BRDA:46,3,0,0
BRDA:46,3,1,0
BRDA:47,4,0,0
BRDA:47,4,1,0
BRDA:53,5,0,0
BRDA:53,5,1,0
BRF:11
BRH:0
end_of_record
TN:
SF:src/app/api/music-analysis/analyze/file-path/route.ts
FN:5,POST
FN:28,(anonymous_2)
FNF:2
FNH:0
FNDA:0,POST
FNDA:0,(anonymous_2)
DA:1,0
DA:3,0
DA:5,0
DA:6,0
DA:7,0
DA:9,0
DA:10,0
DA:11,0
DA:13,0
DA:14,0
DA:20,0
DA:21,0
DA:24,0
DA:25,0
DA:27,0
DA:28,0
DA:30,0
DA:35,0
DA:37,0
DA:39,0
DA:40,0
DA:41,0
DA:45,0
DA:46,0
DA:48,0
DA:52,0
DA:53,0
DA:64,0
DA:74,0
DA:75,0
DA:77,0
DA:79,0
DA:81,0
LF:33
LH:0
BRDA:3,0,0,0
BRDA:3,0,1,0
BRDA:11,1,0,0
BRDA:11,1,1,0
BRDA:13,2,0,0
BRDA:39,3,0,0
BRDA:52,4,0,0
BRDA:56,5,0,0
BRDA:56,5,1,0
BRDA:67,6,0,0
BRDA:67,6,1,0
BRF:11
BRH:0
end_of_record
TN:
SF:src/app/api/music-clip/auto-save/route.ts
FN:4,POST
FNF:1
FNH:0
FNDA:0,POST
DA:1,0
DA:2,0
DA:4,0
DA:5,0
DA:6,0
DA:7,0
DA:9,0
DA:10,0
DA:16,0
DA:19,0
DA:20,0
DA:21,0
DA:22,0
DA:23,0
DA:25,0
DA:26,0
DA:28,0
DA:33,0
DA:34,0
DA:35,0
DA:37,0
DA:38,0
DA:40,0
DA:45,0
DA:50,0
DA:51,0
DA:52,0
DA:53,0
DA:54,0
DA:55,0
DA:62,0
DA:64,0
DA:65,0
DA:67,0
DA:73,0
DA:78,0
DA:79,0
DA:80,0
DA:82,0
DA:83,0
DA:85,0
DA:90,0
DA:97,0
DA:98,0
LF:44
LH:0
BRDA:9,0,0,0
BRDA:19,1,0,0
BRDA:21,2,0,0
BRDA:25,3,0,0
BRDA:25,3,1,0
BRDA:25,4,0,0
BRDA:25,4,1,0
BRDA:33,5,0,0
BRDA:37,6,0,0
BRDA:37,6,1,0
BRDA:37,7,0,0
BRDA:37,7,1,0
BRDA:50,8,0,0
BRDA:50,9,0,0
BRDA:50,9,1,0
BRDA:53,10,0,0
BRDA:53,11,0,0
BRDA:53,11,1,0
BRDA:56,12,0,0
BRDA:56,12,1,0
BRDA:59,13,0,0
BRDA:59,13,1,0
BRDA:64,14,0,0
BRDA:64,14,1,0
BRDA:64,15,0,0
BRDA:64,15,1,0
BRDA:78,16,0,0
BRDA:82,17,0,0
BRDA:82,17,1,0
BRDA:82,18,0,0
BRDA:82,18,1,0
BRF:31
BRH:0
end_of_record
TN:
SF:src/app/api/music-clip/project-settings/route.ts
FN:4,POST
FN:27,(anonymous_2)
FNF:2
FNH:0
FNDA:0,POST
FNDA:0,(anonymous_2)
DA:1,0
DA:2,0
DA:4,0
DA:5,0
DA:6,0
DA:7,0
DA:9,0
DA:10,0
DA:13,0
DA:14,0
DA:15,0
DA:16,0
DA:22,0
DA:23,0
DA:24,0
DA:26,0
DA:27,0
DA:29,0
DA:39,0
DA:41,0
DA:43,0
DA:44,0
DA:45,0
DA:46,0
DA:52,0
DA:53,0
DA:55,0
DA:57,0
DA:58,0
DA:63,0
LF:30
LH:0
BRDA:14,0,0,0
BRDA:33,1,0,0
BRDA:33,1,1,0
BRDA:43,2,0,0
BRDA:59,3,0,0
BRDA:59,3,1,0
BRDA:60,4,0,0
BRDA:60,4,1,0
BRDA:61,5,0,0
BRDA:61,5,1,0
BRDA:66,6,0,0
BRDA:66,6,1,0
BRF:12
BRH:0
end_of_record
TN:
SF:src/app/api/music-clip/upload-track/route.ts
FN:4,POST
FN:41,(anonymous_2)
FNF:2
FNH:0
FNDA:0,POST
FNDA:0,(anonymous_2)
DA:1,0
DA:2,0
DA:4,0
DA:5,0
DA:6,0
DA:7,0
DA:9,0
DA:10,0
DA:13,0
DA:14,0
DA:15,0
DA:16,0
DA:23,0
DA:24,0
DA:25,0
DA:26,0
DA:31,0
DA:37,0
DA:38,0
DA:40,0
DA:41,0
DA:44,0
DA:45,0
DA:54,0
DA:56,0
DA:71,0
DA:74,0
DA:76,0
DA:78,0
DA:79,0
DA:80,0
DA:83,0
DA:84,0
DA:85,0
DA:100,0
DA:103,0
DA:109,0
DA:110,0
DA:112,0
DA:114,0
DA:115,0
DA:118,0
DA:119,0
DA:134,0
LF:44
LH:0
BRDA:14,0,0,0
BRDA:24,1,0,0
BRDA:48,2,0,0
BRDA:48,2,1,0
BRDA:66,3,0,0
BRDA:66,3,1,0
BRDA:67,4,0,0
BRDA:67,4,1,0
BRDA:69,5,0,0
BRDA:69,5,1,0
BRDA:78,6,0,0
BRDA:83,7,0,0
BRDA:95,8,0,0
BRDA:95,8,1,0
BRDA:96,9,0,0
BRDA:96,9,1,0
BRDA:98,10,0,0
BRDA:98,10,1,0
BRDA:115,11,0,0
BRDA:115,11,1,0
BRF:20
BRH:0
end_of_record
TN:
SF:src/app/api/music-clip/upload-tracks-batch/route.ts
FN:4,POST
FN:25,(anonymous_2)
FN:41,(anonymous_3)
FN:77,(anonymous_4)
FNF:4
FNH:0
FNDA:0,POST
FNDA:0,(anonymous_2)
FNDA:0,(anonymous_3)
FNDA:0,(anonymous_4)
DA:1,0
DA:2,0
DA:4,0
DA:5,0
DA:6,0
DA:8,0
DA:9,0
DA:12,0
DA:13,0
DA:14,0
DA:15,0
DA:21,0
DA:22,0
DA:24,0
DA:25,0
DA:28,0
DA:29,0
DA:38,0
DA:40,0
DA:41,0
DA:54,0
DA:65,0
DA:67,0
DA:69,0
DA:70,0
DA:71,0
DA:74,0
DA:75,0
DA:76,0
DA:77,0
DA:90,0
DA:101,0
DA:107,0
DA:108,0
DA:110,0
DA:112,0
DA:114,0
DA:115,0
LF:38
LH:0
BRDA:13,0,0,0
BRDA:32,1,0,0
BRDA:32,1,1,0
BRDA:69,2,0,0
BRDA:74,3,0,0
BRF:5
BRH:0
end_of_record
TN:
SF:src/app/api/placeholder/[width]/[height]/route.ts
FN:3,GET
FNF:1
FNH:0
FNDA:0,GET
DA:1,0
DA:3,0
DA:7,0
DA:8,0
DA:10,0
DA:11,0
DA:13,0
DA:14,0
DA:18,0
DA:27,0
DA:34,0
DA:35,0
LF:12
LH:0
BRDA:13,0,0,0
BRDA:13,1,0,0
BRDA:13,1,1,0
BRDA:13,1,2,0
BRDA:13,1,3,0
BRF:5
BRH:0
end_of_record
TN:
SF:src/app/api/pricing/route.ts
FN:3,GET
FNF:1
FNH:0
FNDA:0,GET
DA:1,0
DA:3,0
DA:4,0
DA:6,0
DA:7,0
DA:9,0
DA:10,0
DA:13,0
DA:14,0
DA:16,0
DA:17,0
LF:11
LH:0
BRDA:9,0,0,0
BRF:1
BRH:0
end_of_record
TN:
SF:src/app/api/pricing/config/route.ts
FN:3,GET
FNF:1
FNH:0
FNDA:0,GET
DA:1,0
DA:3,0
DA:4,0
DA:6,0
DA:7,0
DA:9,0
DA:10,0
DA:13,0
DA:14,0
DA:16,0
DA:17,0
LF:11
LH:0
BRDA:9,0,0,0
BRF:1
BRH:0
end_of_record
TN:
SF:src/app/api/prompts/random/route.ts
FN:5,GET
FN:55,(anonymous_2)
FN:65,(anonymous_3)
FNF:3
FNH:0
FNDA:0,GET
FNDA:0,(anonymous_2)
FNDA:0,(anonymous_3)
DA:1,0
DA:3,0
DA:5,0
DA:6,0
DA:7,0
DA:8,0
DA:9,0
DA:10,0
DA:11,0
DA:12,0
DA:13,0
DA:14,0
DA:16,0
DA:18,0
DA:19,0
DA:20,0
DA:26,0
DA:31,0
DA:32,0
DA:35,0
DA:36,0
DA:39,0
DA:40,0
DA:43,0
DA:44,0
DA:47,0
DA:48,0
DA:51,0
DA:52,0
DA:54,0
DA:55,0
DA:57,0
DA:65,0
DA:68,0
DA:70,0
DA:72,0
DA:73,0
DA:74,0
DA:75,0
DA:81,0
DA:82,0
DA:83,0
DA:86,0
DA:88,0
DA:89,0
DA:95,0
DA:96,0
DA:102,0
LF:48
LH:0
BRDA:3,0,0,0
BRDA:3,0,1,0
BRDA:11,1,0,0
BRDA:11,1,1,0
BRDA:18,2,0,0
BRDA:31,3,0,0
BRDA:35,4,0,0
BRDA:39,5,0,0
BRDA:43,6,0,0
BRDA:72,7,0,0
BRDA:88,8,0,0
BRDA:95,9,0,0
BRF:12
BRH:0
end_of_record
TN:
SF:src/app/api/social-media/publish/[exportId]/route.ts
FN:4,POST
FN:19,(anonymous_2)
FN:41,(anonymous_3)
FN:65,(anonymous_4)
FNF:4
FNH:0
FNDA:0,POST
FNDA:0,(anonymous_2)
FNDA:0,(anonymous_3)
FNDA:0,(anonymous_4)
DA:1,0
DA:2,0
DA:4,0
DA:8,0
DA:9,0
DA:10,0
DA:12,0
DA:13,0
DA:15,0
DA:16,0
DA:18,0
DA:19,0
DA:22,0
DA:23,0
DA:33,0
DA:35,0
DA:41,0
DA:48,0
DA:50,0
DA:52,0
DA:53,0
DA:54,0
DA:57,0
DA:58,0
DA:59,0
DA:65,0
DA:72,0
DA:78,0
DA:79,0
DA:81,0
DA:83,0
DA:85,0
DA:86,0
LF:33
LH:0
BRDA:27,0,0,0
BRDA:27,0,1,0
BRDA:39,1,0,0
BRDA:39,1,1,0
BRDA:41,2,0,0
BRDA:41,2,1,0
BRDA:52,3,0,0
BRDA:57,4,0,0
BRDA:63,5,0,0
BRDA:63,5,1,0
BRDA:65,6,0,0
BRDA:65,6,1,0
BRF:12
BRH:0
end_of_record
TN:
SF:src/app/api/stable-audio/test/route.ts
FN:5,POST
FN:40,(anonymous_2)
FNF:2
FNH:0
FNDA:0,POST
FNDA:0,(anonymous_2)
DA:1,0
DA:3,0
DA:5,0
DA:6,0
DA:7,0
DA:9,0
DA:10,0
DA:16,0
DA:17,0
DA:18,0
DA:25,0
DA:26,0
DA:39,0
DA:40,0
DA:41,0
DA:47,0
DA:49,0
DA:50,0
DA:56,0
DA:57,0
DA:63,0
DA:71,0
DA:72,0
LF:23
LH:0
BRDA:3,0,0,0
BRDA:3,0,1,0
BRDA:7,1,0,0
BRDA:7,2,0,0
BRDA:9,3,0,0
BRDA:9,4,0,0
BRDA:9,4,1,0
BRDA:17,5,0,0
BRDA:39,6,0,0
BRDA:42,7,0,0
BRDA:42,7,1,0
BRDA:49,8,0,0
BRDA:56,9,0,0
BRDA:66,10,0,0
BRDA:66,10,1,0
BRDA:67,11,0,0
BRDA:67,11,1,0
BRF:17
BRH:0
end_of_record
TN:
SF:src/app/api/user-management/export-data/route.ts
FN:4,GET
FN:12,(anonymous_2)
FNF:2
FNH:0
FNDA:0,GET
FNDA:0,(anonymous_2)
DA:1,0
DA:2,0
DA:4,0
DA:5,0
DA:6,0
DA:8,0
DA:9,0
DA:11,0
DA:12,0
DA:15,0
DA:16,0
DA:24,0
DA:26,0
DA:37,0
DA:39,0
DA:41,0
DA:42,0
DA:43,0
DA:46,0
DA:47,0
DA:48,0
DA:59,0
DA:65,0
DA:66,0
DA:68,0
DA:70,0
DA:72,0
DA:73,0
LF:28
LH:0
BRDA:19,0,0,0
BRDA:19,0,1,0
BRDA:41,1,0,0
BRDA:46,2,0,0
BRF:4
BRH:0
end_of_record
TN:
SF:src/app/auth/layout.tsx
FN:12,AuthLayout
FNF:1
FNH:0
FNDA:0,AuthLayout
DA:3,0
DA:12,0
LF:2
LH:0
BRF:0
BRH:0
end_of_record
TN:
SF:src/app/auth/callback/page.tsx
FN:10,OAuthCallbackContent
FN:17,(anonymous_2)
FN:18,(anonymous_3)
FN:83,(anonymous_4)
FN:136,(anonymous_5)
FN:150,OAuthCallbackPage
FNF:6
FNH:0
FNDA:0,OAuthCallbackContent
FNDA:0,(anonymous_2)
FNDA:0,(anonymous_3)
FNDA:0,(anonymous_4)
FNDA:0,(anonymous_5)
FNDA:0,OAuthCallbackPage
DA:3,0
DA:4,0
DA:5,0
DA:6,0
DA:7,0
DA:8,0
DA:11,0
DA:12,0
DA:13,0
DA:14,0
DA:15,0
DA:17,0
DA:18,0
DA:19,0
DA:20,0
DA:21,0
DA:22,0
DA:24,0
DA:25,0
DA:26,0
DA:28,0
DA:29,0
DA:30,0
DA:31,0
DA:34,0
DA:35,0
DA:36,0
DA:37,0
DA:41,0
DA:43,0
DA:46,0
DA:54,0
DA:55,0
DA:56,0
DA:59,0
DA:62,0
DA:63,0
DA:64,0
DA:65,0
DA:66,0
DA:71,0
DA:74,0
DA:75,0
DA:76,0
DA:77,0
DA:79,0
DA:80,0
DA:83,0
DA:84,0
DA:88,0
DA:89,0
DA:90,0
DA:94,0
DA:136,0
DA:150,0
LF:55
LH:0
BRDA:24,0,0,0
BRDA:24,0,1,0
BRDA:28,1,0,0
BRDA:34,2,0,0
BRDA:41,3,0,0
BRDA:41,3,1,0
BRDA:54,4,0,0
BRDA:56,5,0,0
BRDA:56,5,1,0
BRDA:62,6,0,0
BRDA:65,7,0,0
BRDA:90,8,0,0
BRDA:90,8,1,0
BRDA:102,9,0,0
BRDA:103,10,0,0
BRDA:118,11,0,0
BRDA:124,12,0,0
BRDA:130,13,0,0
BRF:18
BRH:0
end_of_record
TN:
SF:src/app/auth/forgot-password/page.tsx
FN:12,ForgotPasswordPage
FN:17,(anonymous_3)
FN:22,(anonymous_4)
FN:57,(anonymous_5)
FN:109,(anonymous_6)
FNF:5
FNH:0
FNDA:0,ForgotPasswordPage
FNDA:0,(anonymous_3)
FNDA:0,(anonymous_4)
FNDA:0,(anonymous_5)
FNDA:0,(anonymous_6)
DA:3,0
DA:4,0
DA:5,0
DA:6,0
DA:7,0
DA:8,0
DA:9,0
DA:10,0
DA:12,0
DA:13,0
DA:14,0
DA:15,0
DA:17,0
DA:18,0
DA:19,0
DA:22,0
DA:24,0
DA:25,0
DA:28,0
DA:57,0
DA:109,0
LF:21
LH:0
BRDA:28,0,0,0
BRDA:121,1,0,0
BRDA:121,1,1,0
BRF:3
BRH:0
end_of_record
TN:
SF:src/app/auth/login/page.tsx
FN:15,LoginPage
FN:24,(anonymous_3)
FN:43,(anonymous_4)
FN:64,(anonymous_5)
FN:75,(anonymous_6)
FN:117,(anonymous_7)
FN:133,(anonymous_8)
FN:142,(anonymous_9)
FNF:8
FNH:0
FNDA:0,LoginPage
FNDA:0,(anonymous_3)
FNDA:0,(anonymous_4)
FNDA:0,(anonymous_5)
FNDA:0,(anonymous_6)
FNDA:0,(anonymous_7)
FNDA:0,(anonymous_8)
FNDA:0,(anonymous_9)
DA:3,0
DA:4,0
DA:5,0
DA:6,0
DA:7,0
DA:9,0
DA:10,0
DA:11,0
DA:12,0
DA:13,0
DA:15,0
DA:16,0
DA:17,0
DA:18,0
DA:19,0
DA:20,0
DA:21,0
DA:24,0
DA:25,0
DA:27,0
DA:28,0
DA:30,0
DA:33,0
DA:34,0
DA:35,0
DA:38,0
DA:39,0
DA:43,0
DA:44,0
DA:45,0
DA:47,0
DA:48,0
DA:49,0
DA:50,0
DA:51,0
DA:52,0
DA:55,0
DA:58,0
DA:60,0
DA:64,0
DA:65,0
DA:66,0
DA:67,0
DA:68,0
DA:69,0
DA:70,0
DA:72,0
DA:75,0
DA:76,0
DA:77,0
DA:78,0
DA:79,0
DA:80,0
DA:81,0
DA:83,0
DA:117,0
DA:133,0
DA:142,0
LF:58
LH:0
BRDA:25,0,0,0
BRDA:30,1,0,0
BRDA:30,1,1,0
BRDA:33,2,0,0
BRDA:49,3,0,0
BRDA:49,3,1,0
BRDA:50,4,0,0
BRDA:50,4,1,0
BRDA:67,5,0,0
BRDA:68,6,0,0
BRDA:68,6,1,0
BRDA:78,7,0,0
BRDA:79,8,0,0
BRDA:79,8,1,0
BRDA:130,9,0,0
BRDA:130,9,1,0
BRDA:145,10,0,0
BRDA:177,11,0,0
BRDA:177,11,1,0
BRF:19
BRH:0
end_of_record
TN:
SF:src/app/auth/register/page.tsx
FN:15,RegisterPage
FN:31,(anonymous_3)
FN:37,(anonymous_4)
FN:64,(anonymous_5)
FN:87,(anonymous_6)
FN:88,(anonymous_7)
FN:91,(anonymous_8)
FN:95,(anonymous_9)
FN:104,(anonymous_10)
FN:150,(anonymous_11)
FN:169,(anonymous_12)
FN:188,(anonymous_13)
FN:197,(anonymous_14)
FN:220,(anonymous_15)
FN:229,(anonymous_16)
FNF:15
FNH:0
FNDA:0,RegisterPage
FNDA:0,(anonymous_3)
FNDA:0,(anonymous_4)
FNDA:0,(anonymous_5)
FNDA:0,(anonymous_6)
FNDA:0,(anonymous_7)
FNDA:0,(anonymous_8)
FNDA:0,(anonymous_9)
FNDA:0,(anonymous_10)
FNDA:0,(anonymous_11)
FNDA:0,(anonymous_12)
FNDA:0,(anonymous_13)
FNDA:0,(anonymous_14)
FNDA:0,(anonymous_15)
FNDA:0,(anonymous_16)
DA:3,0
DA:4,0
DA:5,0
DA:6,0
DA:7,0
DA:9,0
DA:10,0
DA:11,0
DA:12,0
DA:13,0
DA:15,0
DA:16,0
DA:22,0
DA:23,0
DA:24,0
DA:25,0
DA:27,0
DA:28,0
DA:31,0
DA:32,0
DA:33,0
DA:37,0
DA:38,0
DA:40,0
DA:41,0
DA:44,0
DA:45,0
DA:46,0
DA:47,0
DA:50,0
DA:51,0
DA:52,0
DA:53,0
DA:56,0
DA:57,0
DA:60,0
DA:61,0
DA:64,0
DA:65,0
DA:67,0
DA:68,0
DA:71,0
DA:72,0
DA:73,0
DA:74,0
DA:75,0
DA:77,0
DA:80,0
DA:81,0
DA:83,0
DA:87,0
DA:88,0
DA:90,0
DA:91,0
DA:95,0
DA:96,0
DA:97,0
DA:98,0
DA:99,0
DA:101,0
DA:104,0
DA:105,0
DA:106,0
DA:107,0
DA:108,0
DA:110,0
DA:150,0
DA:169,0
DA:188,0
DA:197,0
DA:220,0
DA:229,0
LF:72
LH:0
BRDA:32,0,0,0
BRDA:40,1,0,0
BRDA:44,2,0,0
BRDA:44,2,1,0
BRDA:46,3,0,0
BRDA:50,4,0,0
BRDA:50,4,1,0
BRDA:52,5,0,0
BRDA:56,6,0,0
BRDA:67,7,0,0
BRDA:74,8,0,0
BRDA:74,8,1,0
BRDA:77,9,0,0
BRDA:77,9,1,0
BRDA:90,10,0,0
BRDA:98,11,0,0
BRDA:107,12,0,0
BRDA:135,13,0,0
BRDA:155,14,0,0
BRDA:174,15,0,0
BRDA:185,16,0,0
BRDA:185,16,1,0
BRDA:200,17,0,0
BRDA:206,18,0,0
BRDA:217,19,0,0
BRDA:217,19,1,0
BRDA:232,20,0,0
BRDA:238,21,0,0
BRDA:248,22,0,0
BRDA:248,22,1,0
BRF:30
BRH:0
end_of_record
TN:
SF:src/app/blog/layout.tsx
FN:9,BlogLayout
FNF:1
FNH:0
FNDA:0,BlogLayout
DA:3,0
DA:9,0
LF:2
LH:0
BRF:0
BRH:0
end_of_record
TN:
SF:src/app/blog/page.tsx
FN:24,BlogPage
FN:34,(anonymous_2)
FN:57,(anonymous_3)
FN:61,(anonymous_4)
FN:65,(anonymous_5)
FN:80,(anonymous_6)
FN:86,(anonymous_7)
FN:109,(anonymous_8)
FNF:8
FNH:0
FNDA:0,BlogPage
FNDA:0,(anonymous_2)
FNDA:0,(anonymous_3)
FNDA:0,(anonymous_4)
FNDA:0,(anonymous_5)
FNDA:0,(anonymous_6)
FNDA:0,(anonymous_7)
FNDA:0,(anonymous_8)
DA:3,0
DA:5,0
DA:6,0
DA:7,0
DA:8,0
DA:9,0
DA:24,0
DA:25,0
DA:26,0
DA:27,0
DA:28,0
DA:34,0
DA:35,0
DA:36,0
DA:37,0
DA:43,0
DA:44,0
DA:45,0
DA:48,0
DA:49,0
DA:51,0
DA:53,0
DA:57,0
DA:58,0
DA:61,0
DA:62,0
DA:65,0
DA:66,0
DA:67,0
DA:70,0
DA:81,0
DA:87,0
DA:97,0
DA:109,0
DA:121,0
DA:122,0
LF:36
LH:0
BRDA:34,0,0,0
BRDA:34,1,0,0
BRDA:44,2,0,0
BRDA:51,3,0,0
BRDA:51,3,1,0
BRDA:70,4,0,0
BRDA:97,5,0,0
BRDA:121,6,0,0
BRF:8
BRH:0
end_of_record
TN:
SF:src/app/blog/[slug]/client.tsx
FN:16,BlogPostPageClient
FN:22,(anonymous_3)
FN:23,(anonymous_4)
FN:42,(anonymous_5)
FN:54,(anonymous_6)
FN:59,(anonymous_7)
FN:141,(anonymous_8)
FN:181,(anonymous_9)
FNF:8
FNH:0
FNDA:0,BlogPostPageClient
FNDA:0,(anonymous_3)
FNDA:0,(anonymous_4)
FNDA:0,(anonymous_5)
FNDA:0,(anonymous_6)
FNDA:0,(anonymous_7)
FNDA:0,(anonymous_8)
FNDA:0,(anonymous_9)
DA:3,0
DA:5,0
DA:6,0
DA:7,0
DA:8,0
DA:9,0
DA:10,0
DA:16,0
DA:17,0
DA:18,0
DA:19,0
DA:20,0
DA:22,0
DA:23,0
DA:24,0
DA:25,0
DA:26,0
DA:28,0
DA:29,0
DA:30,0
DA:32,0
DA:35,0
DA:36,0
DA:39,0
DA:40,0
DA:41,0
DA:42,0
DA:45,0
DA:47,0
DA:51,0
DA:54,0
DA:56,0
DA:59,0
DA:61,0
DA:64,0
DA:83,0
DA:107,0
DA:108,0
DA:142,0
DA:181,0
LF:40
LH:0
BRDA:28,0,0,0
BRDA:29,1,0,0
BRDA:40,2,0,0
BRDA:45,3,0,0
BRDA:45,3,1,0
BRDA:64,4,0,0
BRDA:83,5,0,0
BRDA:107,6,0,0
BRDA:137,7,0,0
BRDA:143,8,0,0
BRF:10
BRH:0
end_of_record
TN:
SF:src/app/blog/[slug]/page.tsx
FN:10,generateStaticParams
FN:17,generateMetadata
FN:63,BlogPostPage
FNF:3
FNH:0
FNDA:0,generateStaticParams
FNDA:0,generateMetadata
FNDA:0,BlogPostPage
DA:2,0
DA:3,0
DA:10,0
DA:11,0
DA:17,0
DA:18,0
DA:19,0
DA:21,0
DA:22,0
DA:28,0
DA:63,0
DA:64,0
DA:69,0
LF:13
LH:0
BRDA:21,0,0,0
BRF:1
BRH:0
end_of_record
TN:
SF:src/app/contact/page.tsx
FN:51,Contact
FN:63,(anonymous_3)
FN:65,(anonymous_4)
FN:68,(anonymous_5)
FN:69,(anonymous_6)
FN:72,(anonymous_7)
FN:267,(anonymous_8)
FNF:7
FNH:0
FNDA:0,Contact
FNDA:0,(anonymous_3)
FNDA:0,(anonymous_4)
FNDA:0,(anonymous_5)
FNDA:0,(anonymous_6)
FNDA:0,(anonymous_7)
FNDA:0,(anonymous_8)
DA:3,0
DA:4,0
DA:5,0
DA:6,0
DA:7,0
DA:8,0
DA:9,0
DA:10,0
DA:11,0
DA:12,0
DA:25,0
DA:27,0
DA:51,0
DA:52,0
DA:60,0
DA:61,0
DA:63,0
DA:64,0
DA:65,0
DA:68,0
DA:69,0
DA:72,0
DA:73,0
DA:74,0
DA:76,0
DA:78,0
DA:79,0
DA:90,0
DA:93,0
DA:95,0
DA:100,0
DA:109,0
DA:115,0
DA:268,0
DA:269,0
LF:35
LH:0
BRDA:82,0,0,0
BRDA:82,0,1,0
BRDA:247,1,0,0
BRF:3
BRH:0
end_of_record
TN:
SF:src/app/dashboard/layout.tsx
FN:38,DashboardLayoutContent
FN:61,(anonymous_3)
FN:75,(anonymous_4)
FN:83,(anonymous_5)
FN:97,(anonymous_6)
FN:104,(anonymous_7)
FN:117,(anonymous_8)
FN:169,(anonymous_9)
FN:189,(anonymous_10)
FN:206,DashboardLayout
FNF:10
FNH:0
FNDA:0,DashboardLayoutContent
FNDA:0,(anonymous_3)
FNDA:0,(anonymous_4)
FNDA:0,(anonymous_5)
FNDA:0,(anonymous_6)
FNDA:0,(anonymous_7)
FNDA:0,(anonymous_8)
FNDA:0,(anonymous_9)
FNDA:0,(anonymous_10)
FNDA:0,DashboardLayout
DA:3,0
DA:4,0
DA:5,0
DA:6,0
DA:16,0
DA:17,0
DA:18,0
DA:19,0
DA:20,0
DA:21,0
DA:22,0
DA:29,0
DA:30,0
DA:32,0
DA:43,0
DA:44,0
DA:45,0
DA:46,0
DA:49,0
DA:61,0
DA:75,0
DA:83,0
DA:97,0
DA:105,0
DA:106,0
DA:108,0
DA:117,0
DA:169,0
DA:189,0
DA:206,0
LF:30
LH:0
BRDA:54,0,0,0
BRDA:58,1,0,0
BRDA:67,2,0,0
BRDA:67,2,1,0
BRDA:113,3,0,0
BRDA:113,3,1,0
BRDA:139,4,0,0
BRDA:139,4,1,0
BRDA:152,5,0,0
BRF:9
BRH:0
end_of_record
TN:
SF:src/app/dashboard/page.tsx
FN:42,DashboardPage
FN:51,(anonymous_3)
FN:53,(anonymous_4)
FN:62,(anonymous_5)
FN:69,(anonymous_6)
FN:79,(anonymous_7)
FN:91,(anonymous_8)
FN:103,(anonymous_9)
FN:125,(anonymous_10)
FN:225,(anonymous_11)
FN:277,(anonymous_12)
FN:407,(anonymous_13)
FN:470,(anonymous_14)
FNF:13
FNH:0
FNDA:0,DashboardPage
FNDA:0,(anonymous_3)
FNDA:0,(anonymous_4)
FNDA:0,(anonymous_5)
FNDA:0,(anonymous_6)
FNDA:0,(anonymous_7)
FNDA:0,(anonymous_8)
FNDA:0,(anonymous_9)
FNDA:0,(anonymous_10)
FNDA:0,(anonymous_11)
FNDA:0,(anonymous_12)
FNDA:0,(anonymous_13)
FNDA:0,(anonymous_14)
DA:3,0
DA:4,0
DA:5,0
DA:29,0
DA:30,0
DA:31,0
DA:32,0
DA:33,0
DA:34,0
DA:35,0
DA:36,0
DA:37,0
DA:38,0
DA:39,0
DA:40,0
DA:42,0
DA:43,0
DA:44,0
DA:45,0
DA:46,0
DA:47,0
DA:48,0
DA:49,0
DA:51,0
DA:52,0
DA:53,0
DA:54,0
DA:59,0
DA:61,0
DA:62,0
DA:64,0
DA:69,0
DA:70,0
DA:74,0
DA:75,0
DA:79,0
DA:80,0
DA:81,0
DA:82,0
DA:83,0
DA:84,0
DA:85,0
DA:86,0
DA:87,0
DA:91,0
DA:92,0
DA:93,0
DA:94,0
DA:95,0
DA:96,0
DA:97,0
DA:98,0
DA:99,0
DA:103,0
DA:104,0
DA:105,0
DA:106,0
DA:108,0
DA:109,0
DA:110,0
DA:111,0
DA:115,0
DA:125,0
DA:146,0
DA:226,0
DA:227,0
DA:278,0
DA:282,0
DA:283,0
DA:285,0
DA:408,0
DA:409,0
DA:471,0
LF:73
LH:0
BRDA:52,0,0,0
BRDA:54,1,0,0
BRDA:54,1,1,0
BRDA:54,1,2,0
BRDA:54,1,3,0
BRDA:70,2,0,0
BRDA:70,3,0,0
BRDA:70,3,1,0
BRDA:70,3,2,0
BRDA:70,3,3,0
BRDA:80,4,0,0
BRDA:80,4,1,0
BRDA:80,4,2,0
BRDA:80,4,3,0
BRDA:80,4,4,0
BRDA:80,4,5,0
BRDA:80,4,6,0
BRDA:92,5,0,0
BRDA:92,5,1,0
BRDA:92,5,2,0
BRDA:92,5,3,0
BRDA:92,5,4,0
BRDA:92,5,5,0
BRDA:92,5,6,0
BRDA:108,6,0,0
BRDA:109,7,0,0
BRDA:110,8,0,0
BRDA:118,9,0,0
BRDA:118,9,1,0
BRDA:125,10,0,0
BRDA:125,10,1,0
BRDA:189,11,0,0
BRDA:189,11,1,0
BRDA:190,12,0,0
BRDA:190,12,1,0
BRDA:191,13,0,0
BRDA:191,13,1,0
BRDA:207,14,0,0
BRDA:207,14,1,0
BRDA:207,15,0,0
BRDA:207,15,1,0
BRDA:275,16,0,0
BRDA:278,17,0,0
BRDA:278,17,1,0
BRDA:279,18,0,0
BRDA:279,18,1,0
BRDA:280,19,0,0
BRDA:280,19,1,0
BRDA:293,20,0,0
BRDA:293,20,1,0
BRDA:295,21,0,0
BRDA:295,21,1,0
BRDA:300,22,0,0
BRDA:300,22,1,0
BRDA:302,23,0,0
BRDA:302,23,1,0
BRDA:307,24,0,0
BRDA:315,25,0,0
BRDA:315,25,1,0
BRDA:317,26,0,0
BRDA:325,27,0,0
BRDA:325,27,1,0
BRDA:338,28,0,0
BRDA:338,28,1,0
BRDA:340,29,0,0
BRDA:340,29,1,0
BRDA:352,30,0,0
BRDA:363,31,0,0
BRDA:445,32,0,0
BRDA:445,32,1,0
BRDA:445,33,0,0
BRDA:445,33,1,0
BRDA:462,34,0,0
BRDA:474,35,0,0
BRDA:474,35,1,0
BRF:75
BRH:0
end_of_record
TN:
SF:src/app/dashboard/analytics/page.tsx
FN:94,AnalyticsPage
FN:107,(anonymous_2)
FN:121,(anonymous_3)
FN:165,(anonymous_4)
FN:175,(anonymous_5)
FN:223,(anonymous_6)
FN:234,(anonymous_7)
FNF:7
FNH:0
FNDA:0,AnalyticsPage
FNDA:0,(anonymous_2)
FNDA:0,(anonymous_3)
FNDA:0,(anonymous_4)
FNDA:0,(anonymous_5)
FNDA:0,(anonymous_6)
FNDA:0,(anonymous_7)
DA:3,0
DA:4,0
DA:5,0
DA:17,0
DA:19,0
DA:94,0
DA:108,0
DA:122,0
DA:123,0
DA:166,0
DA:175,0
DA:224,0
DA:235,0
LF:13
LH:0
BRDA:110,0,0,0
BRDA:110,0,1,0
BRDA:135,1,0,0
BRDA:139,2,0,0
BRDA:139,2,1,0
BRF:5
BRH:0
end_of_record
TN:
SF:src/app/dashboard/create/page.tsx
FN:79,CreatePage
FN:86,(anonymous_3)
FN:92,(anonymous_4)
FN:98,(anonymous_5)
FN:102,(anonymous_6)
FN:106,(anonymous_7)
FN:119,(anonymous_8)
FN:131,(anonymous_9)
FN:136,(anonymous_10)
FN:162,(anonymous_11)
FN:206,(anonymous_12)
FN:255,(anonymous_13)
FN:304,(anonymous_14)
FNF:13
FNH:0
FNDA:0,CreatePage
FNDA:0,(anonymous_3)
FNDA:0,(anonymous_4)
FNDA:0,(anonymous_5)
FNDA:0,(anonymous_6)
FNDA:0,(anonymous_7)
FNDA:0,(anonymous_8)
FNDA:0,(anonymous_9)
FNDA:0,(anonymous_10)
FNDA:0,(anonymous_11)
FNDA:0,(anonymous_12)
FNDA:0,(anonymous_13)
FNDA:0,(anonymous_14)
DA:3,0
DA:4,0
DA:5,0
DA:14,0
DA:15,0
DA:16,0
DA:17,0
DA:18,0
DA:19,0
DA:20,0
DA:22,0
DA:79,0
DA:80,0
DA:81,0
DA:82,0
DA:83,0
DA:86,0
DA:87,0
DA:88,0
DA:89,0
DA:92,0
DA:93,0
DA:94,0
DA:95,0
DA:98,0
DA:102,0
DA:103,0
DA:106,0
DA:108,0
DA:110,0
DA:111,0
DA:112,0
DA:113,0
DA:114,0
DA:119,0
DA:120,0
DA:123,0
DA:126,0
DA:128,0
DA:131,0
DA:132,0
DA:133,0
DA:136,0
DA:137,0
DA:163,0
DA:164,0
DA:207,0
DA:256,0
DA:305,0
LF:49
LH:0
BRDA:87,0,0,0
BRDA:87,1,0,0
BRDA:87,1,1,0
BRDA:87,1,2,0
BRDA:108,2,0,0
BRDA:113,3,0,0
BRDA:113,4,0,0
BRDA:113,4,1,0
BRDA:113,4,2,0
BRDA:168,5,0,0
BRDA:168,5,1,0
BRDA:169,6,0,0
BRDA:169,6,1,0
BRDA:171,7,0,0
BRDA:179,8,0,0
BRDA:189,9,0,0
BRDA:238,10,0,0
BRDA:279,11,0,0
BRDA:279,11,1,0
BRDA:328,12,0,0
BRDA:328,12,1,0
BRF:21
BRH:0
end_of_record
TN:
SF:src/app/dashboard/create/automate/page.tsx
FN:10,AutomatePage
FN:14,(anonymous_3)
FN:15,(anonymous_4)
FN:22,(anonymous_5)
FN:27,(anonymous_6)
FN:66,(anonymous_7)
FN:81,(anonymous_8)
FN:117,(anonymous_9)
FNF:8
FNH:0
FNDA:0,AutomatePage
FNDA:0,(anonymous_3)
FNDA:0,(anonymous_4)
FNDA:0,(anonymous_5)
FNDA:0,(anonymous_6)
FNDA:0,(anonymous_7)
FNDA:0,(anonymous_8)
FNDA:0,(anonymous_9)
DA:3,0
DA:4,0
DA:5,0
DA:6,0
DA:7,0
DA:8,0
DA:10,0
DA:11,0
DA:12,0
DA:14,0
DA:15,0
DA:16,0
DA:17,0
DA:21,0
DA:22,0
DA:23,0
DA:27,0
DA:28,0
DA:29,0
DA:66,0
DA:82,0
DA:83,0
DA:118,0
DA:120,0
LF:24
LH:0
BRDA:16,0,0,0
BRDA:16,1,0,0
BRDA:16,1,1,0
BRDA:28,2,0,0
BRDA:59,3,0,0
BRDA:136,4,0,0
BRF:6
BRH:0
end_of_record
TN:
SF:src/app/dashboard/create/music-clip/page.tsx
FN:30,MusicClipPage
FN:43,(anonymous_3)
FN:71,(anonymous_4)
FN:72,(anonymous_5)
FN:82,(anonymous_6)
FN:87,(anonymous_7)
FN:98,(anonymous_8)
FN:99,(anonymous_9)
FN:104,(anonymous_10)
FN:115,(anonymous_11)
FN:126,(anonymous_12)
FN:132,(anonymous_13)
FN:137,(anonymous_14)
FN:147,(anonymous_15)
FN:155,(anonymous_16)
FN:160,(anonymous_17)
FN:165,(anonymous_18)
FN:233,(anonymous_19)
FN:268,(anonymous_20)
FN:389,(anonymous_21)
FN:397,(anonymous_22)
FN:447,(anonymous_23)
FN:462,(anonymous_24)
FN:488,(anonymous_25)
FN:499,(anonymous_26)
FN:542,(anonymous_27)
FN:558,(anonymous_28)
FN:571,(anonymous_29)
FN:585,(anonymous_30)
FN:630,(anonymous_31)
FN:632,(anonymous_32)
FN:641,(anonymous_33)
FN:654,(anonymous_34)
FN:669,(anonymous_35)
FN:690,(anonymous_36)
FN:699,(anonymous_37)
FN:707,(anonymous_38)
FN:720,(anonymous_39)
FN:734,(anonymous_40)
FN:749,(anonymous_41)
FN:790,(anonymous_42)
FN:791,(anonymous_43)
FN:795,(anonymous_44)
FN:799,(anonymous_45)
FN:816,(anonymous_46)
FN:817,(anonymous_47)
FN:818,(anonymous_48)
FN:819,(anonymous_49)
FN:829,(anonymous_50)
FN:858,(anonymous_51)
FN:859,(anonymous_52)
FN:860,(anonymous_53)
FN:861,(anonymous_54)
FN:871,(anonymous_55)
FN:884,(anonymous_56)
FN:894,(anonymous_57)
FN:895,(anonymous_58)
FN:905,(anonymous_59)
FN:909,(anonymous_60)
FN:921,(anonymous_61)
FN:927,MusicClipPageRoute
FNF:61
FNH:0
FNDA:0,MusicClipPage
FNDA:0,(anonymous_3)
FNDA:0,(anonymous_4)
FNDA:0,(anonymous_5)
FNDA:0,(anonymous_6)
FNDA:0,(anonymous_7)
FNDA:0,(anonymous_8)
FNDA:0,(anonymous_9)
FNDA:0,(anonymous_10)
FNDA:0,(anonymous_11)
FNDA:0,(anonymous_12)
FNDA:0,(anonymous_13)
FNDA:0,(anonymous_14)
FNDA:0,(anonymous_15)
FNDA:0,(anonymous_16)
FNDA:0,(anonymous_17)
FNDA:0,(anonymous_18)
FNDA:0,(anonymous_19)
FNDA:0,(anonymous_20)
FNDA:0,(anonymous_21)
FNDA:0,(anonymous_22)
FNDA:0,(anonymous_23)
FNDA:0,(anonymous_24)
FNDA:0,(anonymous_25)
FNDA:0,(anonymous_26)
FNDA:0,(anonymous_27)
FNDA:0,(anonymous_28)
FNDA:0,(anonymous_29)
FNDA:0,(anonymous_30)
FNDA:0,(anonymous_31)
FNDA:0,(anonymous_32)
FNDA:0,(anonymous_33)
FNDA:0,(anonymous_34)
FNDA:0,(anonymous_35)
FNDA:0,(anonymous_36)
FNDA:0,(anonymous_37)
FNDA:0,(anonymous_38)
FNDA:0,(anonymous_39)
FNDA:0,(anonymous_40)
FNDA:0,(anonymous_41)
FNDA:0,(anonymous_42)
FNDA:0,(anonymous_43)
FNDA:0,(anonymous_44)
FNDA:0,(anonymous_45)
FNDA:0,(anonymous_46)
FNDA:0,(anonymous_47)
FNDA:0,(anonymous_48)
FNDA:0,(anonymous_49)
FNDA:0,(anonymous_50)
FNDA:0,(anonymous_51)
FNDA:0,(anonymous_52)
FNDA:0,(anonymous_53)
FNDA:0,(anonymous_54)
FNDA:0,(anonymous_55)
FNDA:0,(anonymous_56)
FNDA:0,(anonymous_57)
FNDA:0,(anonymous_58)
FNDA:0,(anonymous_59)
FNDA:0,(anonymous_60)
FNDA:0,(anonymous_61)
FNDA:0,MusicClipPageRoute
DA:3,0
DA:4,0
DA:6,0
DA:7,0
DA:8,0
DA:9,0
DA:10,0
DA:11,0
DA:12,0
DA:13,0
DA:14,0
DA:15,0
DA:16,0
DA:17,0
DA:18,0
DA:19,0
DA:20,0
DA:21,0
DA:23,0
DA:24,0
DA:25,0
DA:26,0
DA:27,0
DA:30,0
DA:31,0
DA:32,0
DA:33,0
DA:34,0
DA:35,0
DA:39,0
DA:40,0
DA:43,0
DA:44,0
DA:52,0
DA:53,0
DA:57,0
DA:58,0
DA:61,0
DA:64,0
DA:67,0
DA:68,0
DA:71,0
DA:72,0
DA:73,0
DA:74,0
DA:75,0
DA:76,0
DA:80,0
DA:81,0
DA:82,0
DA:87,0
DA:88,0
DA:89,0
DA:98,0
DA:99,0
DA:100,0
DA:103,0
DA:104,0
DA:105,0
DA:106,0
DA:107,0
DA:108,0
DA:109,0
DA:114,0
DA:115,0
DA:116,0
DA:117,0
DA:118,0
DA:122,0
DA:126,0
DA:127,0
DA:128,0
DA:132,0
DA:133,0
DA:137,0
DA:138,0
DA:139,0
DA:144,0
DA:145,0
DA:147,0
DA:148,0
DA:149,0
DA:150,0
DA:155,0
DA:157,0
DA:160,0
DA:162,0
DA:165,0
DA:166,0
DA:167,0
DA:170,0
DA:171,0
DA:176,0
DA:177,0
DA:181,0
DA:182,0
DA:187,0
DA:188,0
DA:192,0
DA:193,0
DA:198,0
DA:199,0
DA:202,0
DA:204,0
DA:207,0
DA:210,0
DA:213,0
DA:216,0
DA:217,0
DA:220,0
DA:222,0
DA:223,0
DA:228,0
DA:229,0
DA:233,0
DA:234,0
DA:235,0
DA:237,0
DA:238,0
DA:241,0
DA:244,0
DA:245,0
DA:247,0
DA:248,0
DA:249,0
DA:251,0
DA:256,0
DA:259,0
DA:268,0
DA:269,0
DA:270,0
DA:273,0
DA:274,0
DA:279,0
DA:280,0
DA:284,0
DA:285,0
DA:290,0
DA:291,0
DA:295,0
DA:296,0
DA:301,0
DA:302,0
DA:305,0
DA:307,0
DA:310,0
DA:313,0
DA:316,0
DA:319,0
DA:320,0
DA:323,0
DA:325,0
DA:326,0
DA:331,0
DA:332,0
DA:383,0
DA:389,0
DA:390,0
DA:391,0
DA:396,0
DA:397,0
DA:398,0
DA:399,0
DA:400,0
DA:404,0
DA:413,0
DA:414,0
DA:448,0
DA:449,0
DA:463,0
DA:464,0
DA:489,0
DA:490,0
DA:499,0
DA:542,0
DA:559,0
DA:560,0
DA:561,0
DA:563,0
DA:572,0
DA:573,0
DA:575,0
DA:586,0
DA:587,0
DA:588,0
DA:589,0
DA:590,0
DA:630,0
DA:632,0
DA:642,0
DA:643,0
DA:644,0
DA:646,0
DA:655,0
DA:656,0
DA:658,0
DA:669,0
DA:690,0
DA:699,0
DA:708,0
DA:709,0
DA:710,0
DA:712,0
DA:721,0
DA:722,0
DA:724,0
DA:735,0
DA:736,0
DA:737,0
DA:740,0
DA:743,0
DA:750,0
DA:752,0
DA:755,0
DA:758,0
DA:759,0
DA:790,0
DA:793,0
DA:795,0
DA:799,0
DA:817,0
DA:818,0
DA:820,0
DA:821,0
DA:822,0
DA:829,0
DA:859,0
DA:860,0
DA:862,0
DA:863,0
DA:864,0
DA:871,0
DA:884,0
DA:894,0
DA:906,0
DA:907,0
DA:910,0
DA:911,0
DA:924,0
DA:927,0
LF:240
LH:0
BRDA:39,0,0,0
BRDA:39,0,1,0
BRDA:40,1,0,0
BRDA:40,1,1,0
BRDA:40,1,2,0
BRDA:49,2,0,0
BRDA:49,2,1,0
BRDA:75,3,0,0
BRDA:88,4,0,0
BRDA:105,5,0,0
BRDA:116,6,0,0
BRDA:138,7,0,0
BRDA:170,8,0,0
BRDA:170,9,0,0
BRDA:170,9,1,0
BRDA:181,10,0,0
BRDA:181,11,0,0
BRDA:181,11,1,0
BRDA:192,12,0,0
BRDA:196,13,0,0
BRDA:196,13,1,0
BRDA:235,14,0,0
BRDA:244,15,0,0
BRDA:244,15,1,0
BRDA:248,16,0,0
BRDA:248,16,1,0
BRDA:248,17,0,0
BRDA:248,17,1,0
BRDA:248,17,2,0
BRDA:273,18,0,0
BRDA:273,19,0,0
BRDA:273,19,1,0
BRDA:284,20,0,0
BRDA:284,21,0,0
BRDA:284,21,1,0
BRDA:295,22,0,0
BRDA:299,23,0,0
BRDA:299,23,1,0
BRDA:390,24,0,0
BRDA:390,25,0,0
BRDA:390,25,1,0
BRDA:404,26,0,0
BRDA:413,27,0,0
BRDA:428,28,0,0
BRDA:428,28,1,0
BRDA:441,29,0,0
BRDA:441,29,1,0
BRDA:448,30,0,0
BRDA:456,31,0,0
BRDA:456,31,1,0
BRDA:463,32,0,0
BRDA:489,33,0,0
BRDA:504,34,0,0
BRDA:518,35,0,0
BRDA:518,35,1,0
BRDA:523,36,0,0
BRDA:523,36,1,0
BRDA:523,37,0,0
BRDA:523,37,1,0
BRDA:527,38,0,0
BRDA:527,38,1,0
BRDA:529,39,0,0
BRDA:544,40,0,0
BRDA:544,40,1,0
BRDA:558,41,0,0
BRDA:559,42,0,0
BRDA:559,42,1,0
BRDA:560,43,0,0
BRDA:560,43,1,0
BRDA:561,44,0,0
BRDA:561,44,1,0
BRDA:572,45,0,0
BRDA:572,45,1,0
BRDA:579,46,0,0
BRDA:579,46,1,0
BRDA:588,47,0,0
BRDA:588,47,1,0
BRDA:590,48,0,0
BRDA:590,48,1,0
BRDA:590,48,2,0
BRDA:596,49,0,0
BRDA:596,49,1,0
BRDA:596,50,0,0
BRDA:596,50,1,0
BRDA:596,50,2,0
BRDA:596,50,3,0
BRDA:601,51,0,0
BRDA:621,52,0,0
BRDA:641,53,0,0
BRDA:642,54,0,0
BRDA:642,54,1,0
BRDA:643,55,0,0
BRDA:643,55,1,0
BRDA:644,56,0,0
BRDA:644,56,1,0
BRDA:655,57,0,0
BRDA:655,57,1,0
BRDA:662,58,0,0
BRDA:662,58,1,0
BRDA:682,59,0,0
BRDA:700,60,0,0
BRDA:700,60,1,0
BRDA:707,61,0,0
BRDA:708,62,0,0
BRDA:708,62,1,0
BRDA:709,63,0,0
BRDA:709,63,1,0
BRDA:710,64,0,0
BRDA:710,64,1,0
BRDA:721,65,0,0
BRDA:721,65,1,0
BRDA:728,66,0,0
BRDA:728,66,1,0
BRDA:740,67,0,0
BRDA:740,67,1,0
BRDA:743,68,0,0
BRDA:743,68,1,0
BRDA:743,68,2,0
BRDA:743,68,3,0
BRDA:750,69,0,0
BRDA:750,69,1,0
BRDA:763,70,0,0
BRDA:763,70,1,0
BRDA:763,71,0,0
BRDA:763,71,1,0
BRDA:765,72,0,0
BRDA:765,72,1,0
BRDA:766,73,0,0
BRDA:766,73,1,0
BRDA:766,74,0,0
BRDA:766,74,1,0
BRDA:770,75,0,0
BRDA:770,75,1,0
BRDA:785,76,0,0
BRDA:795,77,0,0
BRDA:795,77,1,0
BRDA:800,78,0,0
BRDA:800,78,1,0
BRDA:821,79,0,0
BRDA:821,80,0,0
BRDA:821,80,1,0
BRDA:840,81,0,0
BRDA:840,81,1,0
BRDA:863,82,0,0
BRDA:863,83,0,0
BRDA:863,83,1,0
BRDA:902,84,0,0
BRDA:902,84,1,0
BRF:148
BRH:0
end_of_record
TN:
SF:src/app/dashboard/credits/page.tsx
FN:100,CreditsPage
FN:104,(anonymous_6)
FN:144,(anonymous_7)
FN:165,(anonymous_8)
FN:231,(anonymous_9)
FN:269,(anonymous_10)
FN:276,(anonymous_11)
FNF:7
FNH:0
FNDA:0,CreditsPage
FNDA:0,(anonymous_6)
FNDA:0,(anonymous_7)
FNDA:0,(anonymous_8)
FNDA:0,(anonymous_9)
FNDA:0,(anonymous_10)
FNDA:0,(anonymous_11)
DA:3,0
DA:4,0
DA:5,0
DA:6,0
DA:23,0
DA:24,0
DA:26,0
DA:69,0
DA:100,0
DA:101,0
DA:102,0
DA:104,0
DA:105,0
DA:107,0
DA:144,0
DA:166,0
DA:167,0
DA:231,0
DA:270,0
DA:277,0
LF:20
LH:0
BRDA:140,0,0,0
BRDA:140,0,1,0
BRDA:144,1,0,0
BRDA:144,1,1,0
BRDA:149,2,0,0
BRDA:149,2,1,0
BRDA:153,3,0,0
BRDA:153,3,1,0
BRDA:170,4,0,0
BRDA:170,4,1,0
BRDA:172,5,0,0
BRDA:188,6,0,0
BRDA:230,7,0,0
BRDA:230,7,1,0
BRDA:281,8,0,0
BRDA:288,9,0,0
BRDA:295,10,0,0
BRDA:302,11,0,0
BRF:18
BRH:0
end_of_record
TN:
SF:src/app/dashboard/points/page.tsx
FN:20,CreditsPage
FN:25,(anonymous_3)
FN:29,(anonymous_4)
FN:120,(anonymous_5)
FN:138,(anonymous_6)
FNF:5
FNH:0
FNDA:0,CreditsPage
FNDA:0,(anonymous_3)
FNDA:0,(anonymous_4)
FNDA:0,(anonymous_5)
FNDA:0,(anonymous_6)
DA:3,0
DA:4,0
DA:5,0
DA:6,0
DA:15,0
DA:16,0
DA:17,0
DA:18,0
DA:20,0
DA:21,0
DA:22,0
DA:23,0
DA:25,0
DA:26,0
DA:28,0
DA:29,0
DA:30,0
DA:35,0
DA:40,0
DA:120,0
DA:139,0
DA:140,0
DA:149,0
LF:23
LH:0
BRDA:28,0,0,0
BRDA:30,1,0,0
BRDA:30,1,1,0
BRDA:40,2,0,0
BRDA:79,3,0,0
BRDA:79,3,1,0
BRDA:89,4,0,0
BRDA:89,4,1,0
BRDA:93,5,0,0
BRDA:93,5,1,0
BRDA:129,6,0,0
BRDA:156,7,0,0
BRDA:156,7,1,0
BRDA:159,8,0,0
BRDA:159,8,1,0
BRDA:167,9,0,0
BRDA:167,9,1,0
BRDA:169,10,0,0
BRDA:169,10,1,0
BRF:19
BRH:0
end_of_record
TN:
SF:src/app/dashboard/points/history/page.tsx
FN:35,TransactionHistoryPage
FN:41,(anonymous_3)
FN:45,(anonymous_4)
FN:49,(anonymous_5)
FN:56,(anonymous_6)
FN:62,(anonymous_7)
FN:65,(anonymous_8)
FN:73,(anonymous_9)
FN:128,(anonymous_10)
FN:136,(anonymous_11)
FN:140,(anonymous_12)
FN:179,(anonymous_13)
FNF:12
FNH:0
FNDA:0,TransactionHistoryPage
FNDA:0,(anonymous_3)
FNDA:0,(anonymous_4)
FNDA:0,(anonymous_5)
FNDA:0,(anonymous_6)
FNDA:0,(anonymous_7)
FNDA:0,(anonymous_8)
FNDA:0,(anonymous_9)
FNDA:0,(anonymous_10)
FNDA:0,(anonymous_11)
FNDA:0,(anonymous_12)
FNDA:0,(anonymous_13)
DA:3,0
DA:4,0
DA:5,0
DA:6,0
DA:7,0
DA:21,0
DA:22,0
DA:23,0
DA:24,0
DA:26,0
DA:35,0
DA:36,0
DA:37,0
DA:38,0
DA:39,0
DA:41,0
DA:42,0
DA:45,0
DA:46,0
DA:48,0
DA:49,0
DA:50,0
DA:55,0
DA:56,0
DA:59,0
DA:62,0
DA:63,0
DA:65,0
DA:73,0
DA:75,0
DA:76,0
DA:77,0
DA:78,0
DA:79,0
DA:80,0
DA:81,0
DA:84,0
DA:128,0
DA:136,0
DA:141,0
DA:180,0
DA:181,0
DA:182,0
DA:184,0
LF:44
LH:0
BRDA:48,0,0,0
BRDA:50,1,0,0
BRDA:50,1,1,0
BRDA:55,2,0,0
BRDA:67,3,0,0
BRDA:67,3,1,0
BRDA:68,4,0,0
BRDA:68,4,1,0
BRDA:71,5,0,0
BRDA:71,5,1,0
BRDA:84,6,0,0
BRDA:160,7,0,0
BRDA:164,8,0,0
BRDA:164,8,1,0
BRDA:164,9,0,0
BRDA:164,9,1,0
BRDA:169,10,0,0
BRDA:169,10,1,0
BRDA:181,11,0,0
BRDA:181,11,1,0
BRDA:191,12,0,0
BRDA:191,12,1,0
BRDA:199,13,0,0
BRDA:199,13,1,0
BRDA:202,14,0,0
BRDA:202,14,1,0
BRDA:216,15,0,0
BRDA:219,16,0,0
BRDA:228,17,0,0
BRDA:228,17,1,0
BRDA:230,18,0,0
BRDA:230,18,1,0
BRDA:245,19,0,0
BRF:33
BRH:0
end_of_record
TN:
SF:src/app/dashboard/points/purchase/page.tsx
FN:61,PurchasePage
FN:68,(anonymous_3)
FN:69,(anonymous_4)
FN:115,(anonymous_5)
FN:218,(anonymous_6)
FN:255,(anonymous_7)
FN:267,(anonymous_8)
FN:308,(anonymous_9)
FNF:8
FNH:0
FNDA:0,PurchasePage
FNDA:0,(anonymous_3)
FNDA:0,(anonymous_4)
FNDA:0,(anonymous_5)
FNDA:0,(anonymous_6)
FNDA:0,(anonymous_7)
FNDA:0,(anonymous_8)
FNDA:0,(anonymous_9)
DA:3,0
DA:4,0
DA:5,0
DA:6,0
DA:7,0
DA:8,0
DA:19,0
DA:20,0
DA:21,0
DA:22,0
DA:23,0
DA:25,0
DA:61,0
DA:62,0
DA:63,0
DA:64,0
DA:65,0
DA:66,0
DA:68,0
DA:69,0
DA:70,0
DA:72,0
DA:73,0
DA:74,0
DA:77,0
DA:89,0
DA:90,0
DA:91,0
DA:93,0
DA:95,0
DA:98,0
DA:99,0
DA:103,0
DA:104,0
DA:110,0
DA:111,0
DA:115,0
DA:116,0
DA:117,0
DA:118,0
DA:123,0
DA:126,0
DA:127,0
DA:130,0
DA:142,0
DA:143,0
DA:144,0
DA:146,0
DA:148,0
DA:151,0
DA:152,0
DA:155,0
DA:157,0
DA:158,0
DA:164,0
DA:219,0
DA:256,0
DA:267,0
DA:308,0
LF:59
LH:0
BRDA:70,0,0,0
BRDA:89,1,0,0
BRDA:89,1,1,0
BRDA:91,2,0,0
BRDA:91,2,1,0
BRDA:99,3,0,0
BRDA:99,3,1,0
BRDA:106,4,0,0
BRDA:106,4,1,0
BRDA:117,5,0,0
BRDA:117,6,0,0
BRDA:117,6,1,0
BRDA:117,6,2,0
BRDA:142,7,0,0
BRDA:142,7,1,0
BRDA:144,8,0,0
BRDA:144,8,1,0
BRDA:152,9,0,0
BRDA:152,9,1,0
BRDA:160,10,0,0
BRDA:160,10,1,0
BRDA:199,11,0,0
BRDA:199,11,1,0
BRDA:204,12,0,0
BRDA:204,12,1,0
BRDA:205,13,0,0
BRDA:205,13,1,0
BRDA:222,14,0,0
BRDA:222,14,1,0
BRDA:225,15,0,0
BRDA:245,16,0,0
BRDA:268,17,0,0
BRDA:268,17,1,0
BRDA:271,18,0,0
BRDA:270,19,0,0
BRDA:270,19,1,0
BRDA:314,20,0,0
BRDA:327,21,0,0
BRDA:327,21,1,0
BRDA:330,22,0,0
BRF:40
BRH:0
end_of_record
TN:
SF:src/app/dashboard/pricing/page.tsx
FN:160,DashboardPricingPage
FN:166,(anonymous_6)
FN:241,(anonymous_7)
FN:255,(anonymous_8)
FN:285,(anonymous_9)
FN:297,(anonymous_10)
FN:312,(anonymous_11)
FN:358,(anonymous_12)
FN:365,(anonymous_13)
FNF:9
FNH:0
FNDA:0,DashboardPricingPage
FNDA:0,(anonymous_6)
FNDA:0,(anonymous_7)
FNDA:0,(anonymous_8)
FNDA:0,(anonymous_9)
FNDA:0,(anonymous_10)
FNDA:0,(anonymous_11)
FNDA:0,(anonymous_12)
FNDA:0,(anonymous_13)
DA:3,0
DA:4,0
DA:5,0
DA:6,0
DA:8,0
DA:23,0
DA:24,0
DA:25,0
DA:28,0
DA:129,0
DA:160,0
DA:161,0
DA:162,0
DA:163,0
DA:164,0
DA:166,0
DA:167,0
DA:169,0
DA:171,0
DA:175,0
DA:178,0
DA:180,0
DA:181,0
DA:182,0
DA:188,0
DA:191,0
DA:192,0
DA:198,0
DA:200,0
DA:201,0
DA:241,0
DA:256,0
DA:286,0
DA:298,0
DA:312,0
DA:359,0
DA:366,0
LF:37
LH:0
BRDA:169,0,0,0
BRDA:178,1,0,0
BRDA:178,1,1,0
BRDA:178,2,0,0
BRDA:178,2,1,0
BRDA:194,3,0,0
BRDA:194,3,1,0
BRDA:200,4,0,0
BRDA:236,5,0,0
BRDA:236,5,1,0
BRDA:241,6,0,0
BRDA:241,6,1,0
BRDA:243,7,0,0
BRDA:243,7,1,0
BRDA:258,8,0,0
BRDA:258,8,1,0
BRDA:260,9,0,0
BRDA:274,10,0,0
BRDA:274,10,1,0
BRDA:277,11,0,0
BRDA:277,11,1,0
BRDA:293,12,0,0
BRDA:311,13,0,0
BRDA:311,13,1,0
BRDA:311,13,2,0
BRDA:315,14,0,0
BRDA:314,15,0,0
BRDA:314,15,1,0
BRDA:370,16,0,0
BRDA:377,17,0,0
BRDA:384,18,0,0
BRDA:391,19,0,0
BRF:32
BRH:0
end_of_record
TN:
SF:src/app/dashboard/pricing/checkout/page.tsx
FN:14,(anonymous_5)
FN:17,(anonymous_6)
FN:20,(anonymous_7)
FN:43,(anonymous_8)
FN:47,(anonymous_9)
FN:49,(anonymous_10)
FN:68,(anonymous_11)
FN:88,(anonymous_12)
FN:318,(anonymous_13)
FN:323,(anonymous_14)
FN:329,(anonymous_15)
FN:336,(anonymous_16)
FN:344,(anonymous_17)
FN:355,(anonymous_18)
FNF:14
FNH:0
FNDA:0,(anonymous_5)
FNDA:0,(anonymous_6)
FNDA:0,(anonymous_7)
FNDA:0,(anonymous_8)
FNDA:0,(anonymous_9)
FNDA:0,(anonymous_10)
FNDA:0,(anonymous_11)
FNDA:0,(anonymous_12)
FNDA:0,(anonymous_13)
FNDA:0,(anonymous_14)
FNDA:0,(anonymous_15)
FNDA:0,(anonymous_16)
FNDA:0,(anonymous_17)
FNDA:0,(anonymous_18)
DA:3,0
DA:4,0
DA:6,0
DA:7,0
DA:8,0
DA:9,0
DA:10,0
DA:14,0
DA:15,0
DA:19,0
DA:21,0
DA:22,0
DA:23,0
DA:43,0
DA:44,0
DA:45,0
DA:47,0
DA:48,0
DA:49,0
DA:50,0
DA:51,0
DA:56,0
DA:68,0
DA:69,0
DA:70,0
DA:71,0
DA:73,0
DA:86,0
DA:88,0
DA:90,0
DA:91,0
DA:92,0
DA:93,0
DA:96,0
DA:97,0
DA:98,0
DA:99,0
DA:100,0
DA:101,0
DA:103,0
DA:318,0
DA:319,0
DA:323,0
DA:324,0
DA:329,0
DA:330,0
DA:336,0
DA:337,0
DA:338,0
DA:339,0
DA:340,0
DA:341,0
DA:344,0
DA:345,0
DA:346,0
DA:347,0
DA:348,0
DA:353,0
DA:355,0
DA:357,0
DA:358,0
DA:361,0
DA:363,0
DA:366,0
DA:368,0
DA:409,0
DA:597,0
LF:67
LH:0
BRDA:22,0,0,0
BRDA:26,1,0,0
BRDA:26,1,1,0
BRDA:27,2,0,0
BRDA:27,2,1,0
BRDA:48,3,0,0
BRDA:56,4,0,0
BRDA:86,5,0,0
BRDA:86,5,1,0
BRDA:91,6,0,0
BRDA:93,7,0,0
BRDA:93,7,1,0
BRDA:96,8,0,0
BRDA:96,8,1,0
BRDA:97,9,0,0
BRDA:97,9,1,0
BRDA:98,10,0,0
BRDA:98,10,1,0
BRDA:99,11,0,0
BRDA:99,11,1,0
BRDA:100,12,0,0
BRDA:100,12,1,0
BRDA:101,13,0,0
BRDA:101,13,1,0
BRDA:285,14,0,0
BRDA:285,14,1,0
BRDA:347,15,0,0
BRDA:347,16,0,0
BRDA:347,16,1,0
BRDA:347,16,2,0
BRDA:357,17,0,0
BRDA:428,18,0,0
BRDA:479,19,0,0
BRDA:479,19,1,0
BRDA:482,20,0,0
BRDA:482,20,1,0
BRDA:487,21,0,0
BRDA:487,21,1,0
BRDA:498,22,0,0
BRDA:550,23,0,0
BRDA:550,23,1,0
BRDA:571,24,0,0
BRF:42
BRH:0
end_of_record
TN:
SF:src/app/dashboard/pricing/success/page.tsx
FN:10,PaymentSuccessPage
FN:14,(anonymous_6)
FNF:2
FNH:0
FNDA:0,PaymentSuccessPage
FNDA:0,(anonymous_6)
DA:3,0
DA:4,0
DA:5,0
DA:6,0
DA:7,0
DA:10,0
DA:11,0
DA:12,0
DA:14,0
DA:16,0
DA:17,0
DA:18,0
DA:20,0
DA:21,0
DA:24,0
DA:25,0
LF:16
LH:0
BRDA:20,0,0,0
BRDA:21,1,0,0
BRDA:21,1,1,0
BRDA:24,2,0,0
BRDA:78,3,0,0
BRF:5
BRH:0
end_of_record
TN:
SF:src/app/dashboard/projects/page.tsx
FN:47,ProjectsPage
FN:59,(anonymous_2)
FN:64,(anonymous_3)
FN:76,(anonymous_4)
FN:83,(anonymous_5)
FN:90,(anonymous_6)
FN:98,(anonymous_7)
FN:102,(anonymous_8)
FN:113,(anonymous_9)
FN:118,(anonymous_10)
FN:123,(anonymous_11)
FN:129,(anonymous_12)
FN:132,(anonymous_13)
FN:136,(anonymous_14)
FN:148,(anonymous_15)
FN:152,(anonymous_16)
FN:156,(anonymous_17)
FN:172,(anonymous_18)
FN:207,(anonymous_19)
FN:255,(anonymous_20)
FN:264,(anonymous_21)
FN:322,(anonymous_22)
FN:342,(anonymous_23)
FNF:23
FNH:0
FNDA:0,ProjectsPage
FNDA:0,(anonymous_2)
FNDA:0,(anonymous_3)
FNDA:0,(anonymous_4)
FNDA:0,(anonymous_5)
FNDA:0,(anonymous_6)
FNDA:0,(anonymous_7)
FNDA:0,(anonymous_8)
FNDA:0,(anonymous_9)
FNDA:0,(anonymous_10)
FNDA:0,(anonymous_11)
FNDA:0,(anonymous_12)
FNDA:0,(anonymous_13)
FNDA:0,(anonymous_14)
FNDA:0,(anonymous_15)
FNDA:0,(anonymous_16)
FNDA:0,(anonymous_17)
FNDA:0,(anonymous_18)
FNDA:0,(anonymous_19)
FNDA:0,(anonymous_20)
FNDA:0,(anonymous_21)
FNDA:0,(anonymous_22)
FNDA:0,(anonymous_23)
DA:3,0
DA:4,0
DA:6,0
DA:8,0
DA:9,0
DA:10,0
DA:20,0
DA:21,0
DA:23,0
DA:24,0
DA:25,0
DA:27,0
DA:34,0
DA:47,0
DA:48,0
DA:49,0
DA:50,0
DA:51,0
DA:52,0
DA:53,0
DA:54,0
DA:55,0
DA:56,0
DA:57,0
DA:59,0
DA:60,0
DA:64,0
DA:65,0
DA:67,0
DA:70,0
DA:71,0
DA:72,0
DA:75,0
DA:76,0
DA:77,0
DA:82,0
DA:83,0
DA:86,0
DA:87,0
DA:90,0
DA:91,0
DA:92,0
DA:94,0
DA:98,0
DA:99,0
DA:102,0
DA:104,0
DA:105,0
DA:106,0
DA:107,0
DA:109,0
DA:113,0
DA:114,0
DA:115,0
DA:118,0
DA:119,0
DA:120,0
DA:123,0
DA:124,0
DA:125,0
DA:126,0
DA:129,0
DA:130,0
DA:132,0
DA:136,0
DA:137,0
DA:138,0
DA:139,0
DA:141,0
DA:143,0
DA:145,0
DA:148,0
DA:149,0
DA:150,0
DA:152,0
DA:156,0
DA:157,0
DA:159,0
DA:160,0
DA:162,0
DA:163,0
DA:164,0
DA:166,0
DA:168,0
DA:172,0
DA:173,0
DA:174,0
DA:175,0
DA:178,0
DA:188,0
DA:198,0
DA:207,0
DA:255,0
DA:265,0
DA:266,0
DA:323,0
DA:343,0
LF:97
LH:0
BRDA:67,0,0,0
BRDA:67,0,1,0
BRDA:70,1,0,0
BRDA:70,2,0,0
BRDA:70,2,1,0
BRDA:70,2,2,0
BRDA:70,2,3,0
BRDA:72,3,0,0
BRDA:72,3,1,0
BRDA:75,4,0,0
BRDA:77,5,0,0
BRDA:77,5,1,0
BRDA:77,5,2,0
BRDA:77,5,3,0
BRDA:82,6,0,0
BRDA:104,7,0,0
BRDA:104,7,1,0
BRDA:106,8,0,0
BRDA:106,8,1,0
BRDA:106,9,0,0
BRDA:106,9,1,0
BRDA:130,10,0,0
BRDA:138,11,0,0
BRDA:138,11,1,0
BRDA:149,12,0,0
BRDA:149,12,1,0
BRDA:157,13,0,0
BRDA:160,14,0,0
BRDA:178,15,0,0
BRDA:178,16,0,0
BRDA:178,16,1,0
BRDA:188,17,0,0
BRDA:198,18,0,0
BRDA:223,19,0,0
BRDA:223,19,1,0
BRDA:229,20,0,0
BRDA:229,20,1,0
BRDA:231,21,0,0
BRDA:269,22,0,0
BRDA:279,23,0,0
BRDA:279,23,1,0
BRDA:286,24,0,0
BRDA:290,25,0,0
BRDA:290,25,1,0
BRDA:306,26,0,0
BRDA:305,27,0,0
BRDA:305,27,1,0
BRDA:310,28,0,0
BRDA:310,28,1,0
BRDA:310,29,0,0
BRDA:310,29,1,0
BRDA:322,30,0,0
BRDA:322,30,1,0
BRDA:342,31,0,0
BRDA:342,31,1,0
BRF:55
BRH:0
end_of_record
TN:
SF:src/app/dashboard/settings/page.tsx
FN:27,SettingsPage
FN:33,(anonymous_3)
FN:36,(anonymous_4)
FN:42,(anonymous_5)
FN:44,(anonymous_6)
FN:58,(anonymous_7)
FN:65,(anonymous_8)
FN:96,(anonymous_9)
FN:103,(anonymous_10)
FNF:9
FNH:0
FNDA:0,SettingsPage
FNDA:0,(anonymous_3)
FNDA:0,(anonymous_4)
FNDA:0,(anonymous_5)
FNDA:0,(anonymous_6)
FNDA:0,(anonymous_7)
FNDA:0,(anonymous_8)
FNDA:0,(anonymous_9)
FNDA:0,(anonymous_10)
DA:3,0
DA:4,0
DA:5,0
DA:6,0
DA:14,0
DA:15,0
DA:16,0
DA:17,0
DA:18,0
DA:20,0
DA:27,0
DA:28,0
DA:29,0
DA:30,0
DA:32,0
DA:33,0
DA:34,0
DA:36,0
DA:37,0
DA:38,0
DA:39,0
DA:42,0
DA:43,0
DA:44,0
DA:45,0
DA:59,0
DA:60,0
DA:65,0
DA:97,0
DA:98,0
DA:104,0
DA:105,0
LF:32
LH:0
BRDA:32,0,0,0
BRDA:32,0,1,0
BRDA:34,1,0,0
BRDA:34,1,1,0
BRDA:44,2,0,0
BRDA:44,3,0,0
BRDA:44,3,1,0
BRDA:63,4,0,0
BRDA:63,4,1,0
BRDA:101,5,0,0
BRDA:101,5,1,0
BRF:11
BRH:0
end_of_record
TN:
SF:src/app/dashboard/settings/components/ProfileNotificationsTab.tsx
FN:24,(anonymous_1)
FN:54,ProfileNotificationsTab
FN:71,(anonymous_3)
FN:75,(anonymous_4)
FN:81,(anonymous_5)
FN:86,(anonymous_6)
FN:142,(anonymous_7)
FN:152,(anonymous_8)
FN:162,(anonymous_9)
FN:189,(anonymous_10)
FN:347,(anonymous_11)
FN:359,(anonymous_12)
FN:371,(anonymous_13)
FN:408,(anonymous_14)
FN:426,(anonymous_15)
FN:444,(anonymous_16)
FNF:16
FNH:0
FNDA:0,(anonymous_1)
FNDA:0,ProfileNotificationsTab
FNDA:0,(anonymous_3)
FNDA:0,(anonymous_4)
FNDA:0,(anonymous_5)
FNDA:0,(anonymous_6)
FNDA:0,(anonymous_7)
FNDA:0,(anonymous_8)
FNDA:0,(anonymous_9)
FNDA:0,(anonymous_10)
FNDA:0,(anonymous_11)
FNDA:0,(anonymous_12)
FNDA:0,(anonymous_13)
FNDA:0,(anonymous_14)
FNDA:0,(anonymous_15)
FNDA:0,(anonymous_16)
DA:3,0
DA:5,0
DA:6,0
DA:7,0
DA:8,0
DA:9,0
DA:10,0
DA:18,0
DA:19,0
DA:20,0
DA:21,0
DA:24,0
DA:25,0
DA:28,0
DA:29,0
DA:33,0
DA:34,0
DA:38,0
DA:54,0
DA:55,0
DA:56,0
DA:58,0
DA:65,0
DA:71,0
DA:72,0
DA:75,0
DA:76,0
DA:79,0
DA:81,0
DA:82,0
DA:86,0
DA:87,0
DA:89,0
DA:90,0
DA:91,0
DA:94,0
DA:95,0
DA:96,0
DA:100,0
DA:101,0
DA:102,0
DA:103,0
DA:106,0
DA:113,0
DA:114,0
DA:115,0
DA:116,0
DA:117,0
DA:123,0
DA:129,0
DA:130,0
DA:131,0
DA:132,0
DA:135,0
DA:138,0
DA:142,0
DA:143,0
DA:148,0
DA:149,0
DA:152,0
DA:153,0
DA:158,0
DA:159,0
DA:162,0
DA:163,0
DA:164,0
DA:165,0
DA:166,0
DA:167,0
DA:170,0
DA:176,0
DA:185,0
DA:189,0
DA:190,0
DA:191,0
DA:194,0
DA:195,0
DA:196,0
DA:201,0
DA:205,0
DA:206,0
DA:207,0
DA:212,0
DA:215,0
DA:217,0
DA:218,0
DA:220,0
DA:221,0
DA:222,0
DA:227,0
DA:231,0
DA:239,0
DA:240,0
DA:241,0
DA:243,0
DA:247,0
DA:248,0
DA:251,0
DA:252,0
DA:255,0
DA:260,0
DA:263,0
DA:264,0
DA:267,0
DA:268,0
DA:276,0
DA:347,0
DA:359,0
DA:371,0
DA:408,0
DA:426,0
DA:444,0
LF:112
LH:0
BRDA:25,0,0,0
BRDA:28,1,0,0
BRDA:33,2,0,0
BRDA:59,3,0,0
BRDA:59,3,1,0
BRDA:60,4,0,0
BRDA:60,4,1,0
BRDA:62,5,0,0
BRDA:62,5,1,0
BRDA:90,6,0,0
BRDA:95,7,0,0
BRDA:101,8,0,0
BRDA:113,9,0,0
BRDA:113,9,1,0
BRDA:115,10,0,0
BRDA:115,11,0,0
BRDA:115,11,1,0
BRDA:118,12,0,0
BRDA:118,12,1,0
BRDA:118,12,2,0
BRDA:119,13,0,0
BRDA:119,13,1,0
BRDA:119,13,2,0
BRDA:120,14,0,0
BRDA:120,14,1,0
BRDA:121,15,0,0
BRDA:121,15,1,0
BRDA:121,15,2,0
BRDA:124,16,0,0
BRDA:124,16,1,0
BRDA:125,17,0,0
BRDA:125,17,1,0
BRDA:126,18,0,0
BRDA:126,18,1,0
BRDA:165,19,0,0
BRDA:191,20,0,0
BRDA:195,21,0,0
BRDA:206,22,0,0
BRDA:221,23,0,0
BRDA:239,24,0,0
BRDA:239,24,1,0
BRDA:241,25,0,0
BRDA:241,25,1,0
BRDA:241,26,0,0
BRDA:241,26,1,0
BRDA:251,27,0,0
BRDA:260,28,0,0
BRDA:260,28,1,0
BRDA:264,29,0,0
BRDA:264,29,1,0
BRDA:270,30,0,0
BRDA:270,30,1,0
BRDA:301,31,0,0
BRDA:301,31,1,0
BRF:54
BRH:0
end_of_record
TN:
SF:src/app/dashboard/settings/components/SettingsTab.tsx
FN:57,SettingsTab
FN:77,(anonymous_2)
FN:81,(anonymous_3)
FN:87,(anonymous_4)
FN:96,(anonymous_5)
FN:102,(anonymous_6)
FN:174,(anonymous_7)
FN:195,(anonymous_8)
FN:212,(anonymous_9)
FN:224,(anonymous_10)
FN:294,(anonymous_11)
FN:324,(anonymous_12)
FN:329,(anonymous_13)
FN:341,(anonymous_14)
FN:346,(anonymous_15)
FN:390,(anonymous_16)
FN:408,(anonymous_17)
FN:428,(anonymous_18)
FNF:18
FNH:0
FNDA:0,SettingsTab
FNDA:0,(anonymous_2)
FNDA:0,(anonymous_3)
FNDA:0,(anonymous_4)
FNDA:0,(anonymous_5)
FNDA:0,(anonymous_6)
FNDA:0,(anonymous_7)
FNDA:0,(anonymous_8)
FNDA:0,(anonymous_9)
FNDA:0,(anonymous_10)
FNDA:0,(anonymous_11)
FNDA:0,(anonymous_12)
FNDA:0,(anonymous_13)
FNDA:0,(anonymous_14)
FNDA:0,(anonymous_15)
FNDA:0,(anonymous_16)
FNDA:0,(anonymous_17)
FNDA:0,(anonymous_18)
DA:3,0
DA:5,0
DA:6,0
DA:7,0
DA:20,0
DA:21,0
DA:22,0
DA:23,0
DA:40,0
DA:44,0
DA:57,0
DA:58,0
DA:59,0
DA:60,0
DA:62,0
DA:68,0
DA:77,0
DA:78,0
DA:81,0
DA:82,0
DA:86,0
DA:87,0
DA:88,0
DA:89,0
DA:93,0
DA:94,0
DA:96,0
DA:97,0
DA:98,0
DA:102,0
DA:103,0
DA:104,0
DA:106,0
DA:107,0
DA:108,0
DA:109,0
DA:111,0
DA:112,0
DA:116,0
DA:119,0
DA:120,0
DA:121,0
DA:125,0
DA:126,0
DA:127,0
DA:128,0
DA:129,0
DA:130,0
DA:131,0
DA:133,0
DA:134,0
DA:138,0
DA:141,0
DA:144,0
DA:145,0
DA:146,0
DA:147,0
DA:148,0
DA:149,0
DA:150,0
DA:158,0
DA:159,0
DA:162,0
DA:165,0
DA:168,0
DA:170,0
DA:174,0
DA:175,0
DA:177,0
DA:179,0
DA:181,0
DA:182,0
DA:183,0
DA:185,0
DA:189,0
DA:191,0
DA:195,0
DA:196,0
DA:201,0
DA:204,0
DA:207,0
DA:208,0
DA:212,0
DA:213,0
DA:218,0
DA:221,0
DA:224,0
DA:225,0
DA:227,0
DA:236,0
DA:247,0
DA:252,0
DA:294,0
DA:324,0
DA:330,0
DA:341,0
DA:347,0
DA:390,0
DA:408,0
DA:428,0
LF:100
LH:0
BRDA:88,0,0,0
BRDA:107,1,0,0
BRDA:107,1,1,0
BRDA:111,2,0,0
BRDA:120,3,0,0
BRDA:127,4,0,0
BRDA:127,4,1,0
BRDA:129,5,0,0
BRDA:129,6,0,0
BRDA:129,6,1,0
BRDA:133,7,0,0
BRDA:146,8,0,0
BRDA:146,8,1,0
BRDA:148,9,0,0
BRDA:148,10,0,0
BRDA:148,10,1,0
BRDA:151,11,0,0
BRDA:151,11,1,0
BRDA:152,12,0,0
BRDA:152,12,1,0
BRDA:153,13,0,0
BRDA:153,13,1,0
BRDA:154,14,0,0
BRDA:154,14,1,0
BRDA:155,15,0,0
BRDA:155,15,1,0
BRDA:156,16,0,0
BRDA:156,16,1,0
BRDA:177,17,0,0
BRDA:177,17,1,0
BRDA:182,18,0,0
BRDA:182,18,1,0
BRDA:207,19,0,0
BRDA:252,20,0,0
BRDA:428,21,0,0
BRDA:428,21,1,0
BRF:36
BRH:0
end_of_record
TN:
SF:src/app/dashboard/settings/components/SocialMediaTab.tsx
FN:52,SocialMediaTab
FN:70,(anonymous_2)
FN:74,(anonymous_3)
FN:80,(anonymous_4)
FN:85,(anonymous_5)
FN:114,(anonymous_6)
FN:124,(anonymous_7)
FN:137,(anonymous_8)
FN:151,(anonymous_9)
FN:158,(anonymous_10)
FN:159,(anonymous_11)
FN:182,(anonymous_12)
FN:196,(anonymous_13)
FN:197,(anonymous_14)
FN:201,(anonymous_15)
FN:202,(anonymous_16)
FN:234,(anonymous_17)
FN:267,(anonymous_18)
FN:277,(anonymous_19)
FN:286,(anonymous_20)
FN:328,(anonymous_21)
FN:362,(anonymous_22)
FN:378,(anonymous_23)
FNF:23
FNH:0
FNDA:0,SocialMediaTab
FNDA:0,(anonymous_2)
FNDA:0,(anonymous_3)
FNDA:0,(anonymous_4)
FNDA:0,(anonymous_5)
FNDA:0,(anonymous_6)
FNDA:0,(anonymous_7)
FNDA:0,(anonymous_8)
FNDA:0,(anonymous_9)
FNDA:0,(anonymous_10)
FNDA:0,(anonymous_11)
FNDA:0,(anonymous_12)
FNDA:0,(anonymous_13)
FNDA:0,(anonymous_14)
FNDA:0,(anonymous_15)
FNDA:0,(anonymous_16)
FNDA:0,(anonymous_17)
FNDA:0,(anonymous_18)
FNDA:0,(anonymous_19)
FNDA:0,(anonymous_20)
FNDA:0,(anonymous_21)
FNDA:0,(anonymous_22)
FNDA:0,(anonymous_23)
DA:3,0
DA:4,0
DA:5,0
DA:6,0
DA:7,0
DA:17,0
DA:18,0
DA:19,0
DA:46,0
DA:52,0
DA:53,0
DA:54,0
DA:55,0
DA:70,0
DA:71,0
DA:74,0
DA:75,0
DA:78,0
DA:80,0
DA:81,0
DA:85,0
DA:86,0
DA:88,0
DA:89,0
DA:90,0
DA:94,0
DA:95,0
DA:96,0
DA:97,0
DA:101,0
DA:102,0
DA:103,0
DA:104,0
DA:105,0
DA:106,0
DA:110,0
DA:114,0
DA:115,0
DA:120,0
DA:121,0
DA:124,0
DA:125,0
DA:133,0
DA:134,0
DA:137,0
DA:138,0
DA:140,0
DA:142,0
DA:143,0
DA:151,0
DA:152,0
DA:153,0
DA:157,0
DA:158,0
DA:159,0
DA:160,0
DA:165,0
DA:170,0
DA:173,0
DA:174,0
DA:182,0
DA:183,0
DA:184,0
DA:192,0
DA:196,0
DA:197,0
DA:198,0
DA:201,0
DA:202,0
DA:235,0
DA:236,0
DA:237,0
DA:239,0
DA:267,0
DA:277,0
DA:286,0
DA:328,0
DA:362,0
DA:378,0
LF:79
LH:0
BRDA:89,0,0,0
BRDA:95,1,0,0
BRDA:97,2,0,0
BRDA:97,2,1,0
BRDA:102,3,0,0
BRDA:104,4,0,0
BRDA:104,5,0,0
BRDA:104,5,1,0
BRDA:157,6,0,0
BRDA:157,6,1,0
BRDA:160,7,0,0
BRDA:160,7,1,0
BRDA:198,8,0,0
BRDA:198,8,1,0
BRDA:202,9,0,0
[...]
BRDA:332,51,1,0
BRDA:339,52,0,0
BRDA:339,52,1,0
BRDA:346,53,0,0
BRDA:346,53,1,0
BRDA:362,54,0,0
BRDA:368,55,0,0
BRDA:368,55,1,0
BRDA:371,56,0,0
BRF:90
BRH:0
end_of_record
TN:
SF:src/lib/api/client.ts
FNF:0
FNH:0
DA:1,0
DA:3,0
LF:2
LH:0
BRF:0
BRH:0
end_of_record
TN:
SF:src/lib/api/config.ts
FNF:0
FNH:0
DA:2,0
DA:5,0
DA:7,0
LF:3
LH:0
BRF:0
BRH:0
end_of_record
TN:
SF:src/lib/api/music-clip.ts
FN:29,(anonymous_3)
FN:33,(anonymous_4)
FN:38,(anonymous_5)
FN:56,(anonymous_6)
FN:66,(anonymous_7)
FN:70,(anonymous_8)
FN:74,(anonymous_9)
FN:78,(anonymous_10)
FN:82,(anonymous_11)
FN:93,(anonymous_12)
FN:121,(anonymous_13)
FN:133,(anonymous_14)
FN:138,(anonymous_15)
FN:142,(anonymous_16)
FN:146,(anonymous_17)
FN:150,(anonymous_18)
FNF:16
FNH:0
FNDA:0,(anonymous_3)
FNDA:0,(anonymous_4)
FNDA:0,(anonymous_5)
FNDA:0,(anonymous_6)
FNDA:0,(anonymous_7)
FNDA:0,(anonymous_8)
FNDA:0,(anonymous_9)
FNDA:0,(anonymous_10)
FNDA:0,(anonymous_11)
FNDA:0,(anonymous_12)
FNDA:0,(anonymous_13)
FNDA:0,(anonymous_14)
FNDA:0,(anonymous_15)
FNDA:0,(anonymous_16)
FNDA:0,(anonymous_17)
FNDA:0,(anonymous_18)
DA:1,0
DA:2,0
DA:30,0
DA:34,0
DA:35,0
DA:53,0
DA:57,0
DA:58,0
DA:59,0
DA:60,0
DA:62,0
DA:67,0
DA:71,0
DA:75,0
DA:79,0
DA:83,0
DA:84,0
DA:87,0
DA:89,0
DA:94,0
DA:96,0
DA:97,0
DA:98,0
DA:99,0
DA:102,0
DA:103,0
DA:104,0
DA:105,0
DA:106,0
DA:109,0
DA:110,0
DA:117,0
DA:122,0
DA:123,0
DA:124,0
DA:127,0
DA:129,0
DA:134,0
DA:135,0
DA:139,0
DA:143,0
DA:147,0
DA:151,0
DA:155,0
DA:156,0
LF:45
LH:0
BRDA:35,0,0,0
BRDA:35,0,1,0
BRDA:57,1,0,0
BRDA:57,1,1,0
BRDA:59,2,0,0
BRDA:59,2,1,0
BRDA:59,3,0,0
BRDA:59,3,1,0
BRDA:96,4,0,0
BRDA:96,4,1,0
BRDA:97,5,0,0
BRDA:111,6,0,0
BRDA:111,6,1,0
BRDA:112,7,0,0
BRDA:112,7,1,0
BRDA:124,8,0,0
BRDA:124,8,1,0
BRF:17
BRH:0
end_of_record
TN:
SF:src/lib/api/music.ts
FN:66,(anonymous_3)
FN:71,(anonymous_4)
FN:75,(anonymous_5)
FN:102,(anonymous_6)
FN:114,(anonymous_7)
FN:129,(anonymous_8)
FN:133,(anonymous_9)
FN:152,(anonymous_10)
FN:157,(anonymous_11)
FN:172,(anonymous_12)
FN:275,(anonymous_13)
FN:314,(anonymous_14)
FN:351,(anonymous_15)
FN:358,(anonymous_16)
FN:360,(anonymous_17)
FN:362,(anonymous_18)
FN:364,(anonymous_19)
FN:365,(anonymous_20)
FN:378,(anonymous_21)
FN:393,(anonymous_22)
FN:402,(anonymous_23)
FN:411,(anonymous_24)
FN:481,(anonymous_25)
FNF:23
FNH:0
FNDA:0,(anonymous_3)
FNDA:0,(anonymous_4)
FNDA:0,(anonymous_5)
FNDA:0,(anonymous_6)
FNDA:0,(anonymous_7)
FNDA:0,(anonymous_8)
FNDA:0,(anonymous_9)
FNDA:0,(anonymous_10)
FNDA:0,(anonymous_11)
FNDA:0,(anonymous_12)
FNDA:0,(anonymous_13)
FNDA:0,(anonymous_14)
FNDA:0,(anonymous_15)
FNDA:0,(anonymous_16)
FNDA:0,(anonymous_17)
FNDA:0,(anonymous_18)
FNDA:0,(anonymous_19)
FNDA:0,(anonymous_20)
FNDA:0,(anonymous_21)
FNDA:0,(anonymous_22)
FNDA:0,(anonymous_23)
FNDA:0,(anonymous_24)
FNDA:0,(anonymous_25)
DA:1,0
DA:65,0
DA:67,0
DA:72,0
DA:86,0
DA:87,0
DA:88,0
DA:89,0
DA:90,0
DA:92,0
DA:93,0
DA:94,0
DA:96,0
DA:113,0
DA:114,0
DA:117,0
DA:118,0
DA:119,0
DA:120,0
DA:121,0
DA:123,0
DA:130,0
DA:149,0
DA:153,0
DA:165,0
DA:173,0
DA:175,0
DA:176,0
DA:177,0
DA:182,0
DA:183,0
DA:184,0
DA:188,0
DA:189,0
DA:191,0
DA:193,0
DA:194,0
DA:196,0
DA:197,0
DA:198,0
DA:199,0
DA:201,0
DA:203,0
DA:209,0
DA:210,0
DA:211,0
DA:214,0
DA:215,0
DA:218,0
DA:219,0
DA:223,0
DA:224,0
DA:225,0
DA:226,0
DA:229,0
DA:230,0
DA:233,0
DA:234,0
DA:236,0
DA:239,0
DA:240,0
DA:243,0
DA:244,0
DA:252,0
DA:253,0
DA:256,0
DA:258,0
DA:259,0
DA:261,0
DA:263,0
DA:266,0
DA:267,0
DA:269,0
DA:270,0
DA:276,0
DA:277,0
DA:279,0
DA:286,0
DA:288,0
DA:289,0
DA:291,0
DA:295,0
DA:296,0
DA:297,0
DA:300,0
DA:303,0
DA:304,0
DA:305,0
DA:306,0
DA:308,0
DA:309,0
DA:315,0
DA:316,0
DA:318,0
DA:325,0
DA:327,0
DA:328,0
DA:330,0
DA:334,0
DA:335,0
DA:336,0
DA:339,0
DA:342,0
DA:343,0
DA:345,0
DA:347,0
DA:352,0
DA:359,0
DA:360,0
DA:362,0
DA:363,0
DA:364,0
DA:365,0
DA:366,0
DA:367,0
DA:374,0
DA:375,0
DA:376,0
DA:378,0
DA:379,0
DA:380,0
DA:382,0
DA:389,0
DA:394,0
DA:395,0
DA:396,0
DA:397,0
DA:399,0
DA:403,0
DA:404,0
DA:405,0
DA:406,0
DA:408,0
DA:412,0
DA:413,0
DA:415,0
DA:482,0
DA:512,0
LF:138
LH:0
BRDA:78,0,0,0
BRDA:89,1,0,0
BRDA:89,1,1,0
BRDA:90,2,0,0
BRDA:90,2,1,0
BRDA:92,3,0,0
BRDA:93,4,0,0
BRDA:94,5,0,0
BRDA:105,6,0,0
BRDA:117,7,0,0
BRDA:118,8,0,0
BRDA:119,9,0,0
BRDA:120,10,0,0
BRDA:121,11,0,0
BRDA:175,12,0,0
BRDA:182,13,0,0
BRDA:182,14,0,0
BRDA:182,14,1,0
BRDA:182,14,2,0
BRDA:182,14,3,0
BRDA:188,15,0,0
BRDA:188,16,0,0
BRDA:188,16,1,0
BRDA:188,16,2,0
BRDA:194,17,0,0
BRDA:194,17,1,0
BRDA:194,18,0,0
BRDA:194,18,1,0
BRDA:196,19,0,0
BRDA:196,19,1,0
BRDA:209,20,0,0
BRDA:209,20,1,0
BRDA:209,21,0,0
BRDA:209,21,1,0
BRDA:210,22,0,0
BRDA:214,23,0,0
BRDA:218,24,0,0
BRDA:225,25,0,0
BRDA:230,26,0,0
BRDA:230,26,1,0
BRDA:234,27,0,0
BRDA:234,27,1,0
BRDA:253,28,0,0
BRDA:253,28,1,0
BRDA:256,29,0,0
BRDA:263,30,0,0
BRDA:263,30,1,0
BRDA:286,31,0,0
BRDA:295,32,0,0
BRDA:300,33,0,0
BRDA:300,33,1,0
BRDA:325,34,0,0
BRDA:334,35,0,0
BRDA:339,36,0,0
BRDA:339,36,1,0
BRDA:379,37,0,0
BRDA:379,37,1,0
BRDA:384,38,0,0
BRDA:384,38,1,0
BRDA:412,39,0,0
BRDA:412,39,1,0
BRDA:427,40,0,0
BRDA:427,40,1,0
BRDA:485,41,0,0
BRDA:485,41,1,0
BRDA:486,42,0,0
BRDA:486,42,1,0
BRDA:487,43,0,0
BRDA:487,43,1,0
BRDA:487,44,0,0
BRDA:487,44,1,0
BRDA:488,45,0,0
BRDA:488,45,1,0
BRDA:489,46,0,0
BRDA:489,46,1,0
BRDA:490,47,0,0
BRDA:490,47,1,0
BRDA:493,48,0,0
BRDA:493,48,1,0
BRDA:495,49,0,0
BRDA:495,49,1,0
BRDA:496,50,0,0
BRDA:496,50,1,0
BRDA:497,51,0,0
BRDA:497,51,1,0
BRDA:498,52,0,0
BRDA:498,52,1,0
BRDA:504,53,0,0
BRDA:504,53,1,0
BRDA:505,54,0,0
BRDA:505,54,1,0
BRDA:506,55,0,0
BRDA:506,55,1,0
BRF:93
BRH:0
end_of_record
TN:
SF:src/lib/api/pricing.ts
FN:55,(anonymous_3)
FN:59,(anonymous_4)
FN:67,(anonymous_5)
FN:71,(anonymous_6)
FN:89,(anonymous_7)
FN:141,(anonymous_8)
FN:164,(anonymous_9)
FN:173,(anonymous_10)
FN:182,(anonymous_11)
FN:191,(anonymous_12)
FN:200,(anonymous_13)
FN:210,(anonymous_14)
FN:214,(anonymous_15)
FN:224,(anonymous_16)
FN:235,(anonymous_17)
FN:249,(anonymous_18)
FN:260,(anonymous_19)
FN:272,(anonymous_20)
FN:279,(anonymous_21)
FNF:19
FNH:0
FNDA:0,(anonymous_3)
FNDA:0,(anonymous_4)
FNDA:0,(anonymous_5)
FNDA:0,(anonymous_6)
FNDA:0,(anonymous_7)
FNDA:0,(anonymous_8)
FNDA:0,(anonymous_9)
FNDA:0,(anonymous_10)
FNDA:0,(anonymous_11)
FNDA:0,(anonymous_12)
FNDA:0,(anonymous_13)
FNDA:0,(anonymous_14)
FNDA:0,(anonymous_15)
FNDA:0,(anonymous_16)
FNDA:0,(anonymous_17)
FNDA:0,(anonymous_18)
FNDA:0,(anonymous_19)
FNDA:0,(anonymous_20)
FNDA:0,(anonymous_21)
DA:1,0
DA:4,0
DA:50,0
DA:56,0
DA:60,0
DA:61,0
DA:63,0
DA:68,0
DA:72,0
DA:73,0
DA:76,0
DA:77,0
DA:80,0
DA:81,0
DA:82,0
DA:84,0
DA:85,0
DA:90,0
DA:142,0
DA:143,0
DA:148,0
DA:149,0
DA:150,0
DA:152,0
DA:153,0
DA:154,0
DA:156,0
DA:157,0
DA:158,0
DA:159,0
DA:165,0
DA:166,0
DA:168,0
DA:169,0
DA:174,0
DA:175,0
DA:177,0
DA:178,0
DA:183,0
DA:184,0
DA:186,0
DA:187,0
DA:192,0
DA:193,0
DA:195,0
DA:196,0
DA:201,0
DA:202,0
DA:204,0
DA:205,0
DA:211,0
DA:215,0
DA:216,0
DA:217,0
DA:218,0
DA:225,0
DA:226,0
DA:227,0
DA:228,0
DA:229,0
DA:236,0
DA:237,0
DA:238,0
DA:239,0
DA:240,0
DA:241,0
DA:243,0
DA:250,0
DA:251,0
DA:252,0
DA:253,0
DA:254,0
DA:261,0
DA:262,0
DA:263,0
DA:264,0
DA:265,0
DA:279,0
DA:280,0
DA:281,0
DA:283,0
DA:285,0
DA:286,0
DA:287,0
DA:290,0
DA:291,0
DA:292,0
DA:295,0
DA:296,0
DA:297,0
DA:301,0
DA:302,0
DA:303,0
DA:306,0
DA:311,0
LF:95
LH:0
BRDA:60,0,0,0
BRDA:72,1,0,0
BRDA:76,2,0,0
BRDA:148,3,0,0
BRDA:173,4,0,0
BRDA:214,5,0,0
BRDA:224,6,0,0
BRDA:235,7,0,0
BRDA:240,8,0,0
BRDA:249,9,0,0
BRDA:260,10,0,0
BRDA:281,11,0,0
BRDA:281,11,1,0
BRDA:283,12,0,0
BRDA:283,12,1,0
BRDA:283,12,2,0
BRDA:283,12,3,0
BRDA:283,12,4,0
BRDA:283,12,5,0
BRDA:285,13,0,0
BRDA:285,13,1,0
BRDA:290,14,0,0
BRDA:290,14,1,0
BRDA:295,15,0,0
BRDA:295,15,1,0
BRDA:301,16,0,0
BRDA:301,16,1,0
BRF:27
BRH:0
end_of_record
TN:
SF:src/lib/api/projects.ts
FN:67,(anonymous_4)
FN:74,(anonymous_5)
FN:82,(anonymous_6)
FN:86,(anonymous_7)
FN:90,(anonymous_8)
FN:94,(anonymous_9)
FN:98,(anonymous_10)
FN:102,(anonymous_11)
FN:106,(anonymous_12)
FN:111,(anonymous_13)
FN:115,(anonymous_14)
FN:152,(anonymous_15)
FN:187,(anonymous_16)
FN:214,(anonymous_17)
FN:229,(anonymous_18)
FN:237,(anonymous_19)
FN:247,(anonymous_20)
FN:257,(anonymous_21)
FN:276,(anonymous_22)
FN:294,(anonymous_23)
FN:302,(anonymous_24)
FN:312,(anonymous_25)
FN:316,(anonymous_26)
FN:321,(anonymous_27)
FN:324,(anonymous_28)
FN:329,(anonymous_29)
FN:333,(anonymous_30)
FN:339,(anonymous_31)
FN:343,(anonymous_32)
FN:348,(anonymous_33)
FN:349,(anonymous_34)
FN:380,(anonymous_35)
FN:387,(anonymous_36)
FN:441,(anonymous_37)
FN:447,(anonymous_38)
FN:449,(anonymous_39)
FN:470,(anonymous_40)
FN:502,(anonymous_41)
FN:509,(anonymous_42)
FN:517,(anonymous_43)
FN:520,(anonymous_44)
FN:531,(anonymous_45)
FN:532,(anonymous_46)
FN:543,(anonymous_47)
FNF:44
FNH:0
FNDA:0,(anonymous_4)
FNDA:0,(anonymous_5)
FNDA:0,(anonymous_6)
FNDA:0,(anonymous_7)
FNDA:0,(anonymous_8)
FNDA:0,(anonymous_9)
FNDA:0,(anonymous_10)
FNDA:0,(anonymous_11)
FNDA:0,(anonymous_12)
FNDA:0,(anonymous_13)
FNDA:0,(anonymous_14)
FNDA:0,(anonymous_15)
FNDA:0,(anonymous_16)
FNDA:0,(anonymous_17)
FNDA:0,(anonymous_18)
FNDA:0,(anonymous_19)
FNDA:0,(anonymous_20)
FNDA:0,(anonymous_21)
FNDA:0,(anonymous_22)
FNDA:0,(anonymous_23)
FNDA:0,(anonymous_24)
FNDA:0,(anonymous_25)
FNDA:0,(anonymous_26)
FNDA:0,(anonymous_27)
FNDA:0,(anonymous_28)
FNDA:0,(anonymous_29)
FNDA:0,(anonymous_30)
FNDA:0,(anonymous_31)
FNDA:0,(anonymous_32)
FNDA:0,(anonymous_33)
FNDA:0,(anonymous_34)
FNDA:0,(anonymous_35)
FNDA:0,(anonymous_36)
FNDA:0,(anonymous_37)
FNDA:0,(anonymous_38)
FNDA:0,(anonymous_39)
FNDA:0,(anonymous_40)
FNDA:0,(anonymous_41)
FNDA:0,(anonymous_42)
FNDA:0,(anonymous_43)
FNDA:0,(anonymous_44)
FNDA:0,(anonymous_45)
FNDA:0,(anonymous_46)
FNDA:0,(anonymous_47)
DA:1,0
DA:2,0
DA:58,0
DA:69,0
DA:70,0
DA:75,0
DA:76,0
DA:78,0
DA:83,0
DA:87,0
DA:91,0
DA:95,0
DA:99,0
DA:103,0
DA:107,0
DA:112,0
DA:136,0
DA:137,0
DA:138,0
DA:139,0
DA:141,0
DA:142,0
DA:143,0
DA:144,0
DA:146,0
DA:172,0
DA:173,0
DA:174,0
DA:175,0
DA:177,0
DA:178,0
DA:179,0
DA:181,0
DA:213,0
DA:214,0
DA:217,0
DA:218,0
DA:219,0
DA:220,0
DA:221,0
DA:223,0
DA:234,0
DA:238,0
DA:239,0
DA:242,0
DA:243,0
DA:248,0
DA:249,0
DA:252,0
DA:253,0
DA:273,0
DA:291,0
DA:299,0
DA:303,0
DA:304,0
DA:307,0
DA:308,0
DA:313,0
DA:317,0
DA:322,0
DA:324,0
DA:325,0
DA:326,0
DA:329,0
DA:330,0
DA:333,0
DA:334,0
DA:335,0
DA:339,0
DA:340,0
DA:343,0
DA:344,0
DA:349,0
DA:350,0
DA:352,0
DA:354,0
DA:355,0
DA:359,0
DA:360,0
DA:361,0
DA:364,0
DA:372,0
DA:378,0
DA:380,0
DA:381,0
DA:384,0
DA:388,0
DA:389,0
DA:393,0
DA:394,0
DA:395,0
DA:396,0
DA:400,0
DA:401,0
DA:402,0
DA:403,0
DA:404,0
DA:405,0
DA:406,0
DA:407,0
DA:408,0
DA:412,0
DA:413,0
DA:414,0
DA:415,0
DA:418,0
DA:419,0
DA:420,0
DA:423,0
DA:424,0
DA:427,0
DA:428,0
DA:431,0
DA:432,0
DA:433,0
DA:435,0
DA:436,0
DA:437,0
DA:442,0
DA:443,0
DA:448,0
DA:449,0
DA:450,0
DA:453,0
DA:454,0
DA:455,0
DA:462,0
DA:464,0
DA:472,0
DA:473,0
DA:474,0
DA:475,0
DA:479,0
DA:480,0
DA:481,0
DA:482,0
DA:483,0
DA:484,0
DA:485,0
DA:486,0
DA:487,0
DA:491,0
DA:492,0
DA:493,0
DA:494,0
DA:497,0
DA:498,0
DA:503,0
DA:505,0
DA:506,0
DA:507,0
DA:509,0
DA:510,0
DA:513,0
DA:518,0
DA:520,0
DA:521,0
DA:524,0
DA:525,0
DA:527,0
DA:532,0
DA:533,0
DA:536,0
DA:537,0
DA:539,0
DA:544,0
DA:552,0
DA:553,0
LF:168
LH:0
BRDA:62,0,0,0
BRDA:62,0,1,0
BRDA:69,1,0,0
BRDA:75,2,0,0
BRDA:117,3,0,0
BRDA:138,4,0,0
BRDA:138,4,1,0
BRDA:139,5,0,0
BRDA:139,5,1,0
BRDA:141,6,0,0
BRDA:142,7,0,0
BRDA:143,8,0,0
BRDA:144,9,0,0
BRDA:155,10,0,0
BRDA:174,11,0,0
BRDA:174,11,1,0
BRDA:175,12,0,0
BRDA:175,12,1,0
BRDA:177,13,0,0
BRDA:178,14,0,0
BRDA:179,15,0,0
BRDA:190,16,0,0
BRDA:217,17,0,0
BRDA:218,18,0,0
BRDA:219,19,0,0
BRDA:220,20,0,0
BRDA:221,21,0,0
BRDA:322,22,0,0
BRDA:334,23,0,0
BRDA:350,24,0,0
BRDA:350,24,1,0
BRDA:350,24,2,0
BRDA:352,25,0,0
BRDA:352,25,1,0
BRDA:354,26,0,0
BRDA:354,27,0,0
BRDA:354,27,1,0
BRDA:359,28,0,0
BRDA:364,29,0,0
BRDA:364,29,1,0
BRDA:388,30,0,0
BRDA:393,31,0,0
BRDA:393,31,1,0
BRDA:394,32,0,0
BRDA:401,33,0,0
BRDA:401,34,0,0
BRDA:401,34,1,0
BRDA:404,35,0,0
BRDA:404,36,0,0
BRDA:404,36,1,0
BRDA:419,37,0,0
BRDA:423,38,0,0
BRDA:427,39,0,0
BRDA:442,40,0,0
BRDA:448,41,0,0
BRDA:448,42,0,0
BRDA:448,42,1,0
BRDA:450,43,0,0
BRDA:450,43,1,0
BRDA:450,43,2,0
BRDA:456,44,0,0
BRDA:456,44,1,0
BRDA:459,45,0,0
BRDA:459,45,1,0
BRDA:472,46,0,0
BRDA:472,46,1,0
BRDA:473,47,0,0
BRDA:480,48,0,0
BRDA:480,49,0,0
BRDA:480,49,1,0
BRDA:483,50,0,0
BRDA:483,51,0,0
BRDA:483,51,1,0
BRDA:497,52,0,0
BRDA:497,53,0,0
BRDA:497,53,1,0
BRDA:503,54,0,0
BRDA:503,54,1,0
BRDA:505,55,0,0
BRDA:505,55,1,0
BRDA:518,56,0,0
BRF:81
BRH:0
end_of_record
TN:
SF:src/lib/api/user-management.ts
FN:112,(anonymous_5)
FN:117,(anonymous_6)
FN:129,(anonymous_7)
FN:141,(anonymous_8)
FN:153,(anonymous_9)
FN:165,(anonymous_10)
FN:177,(anonymous_11)
FN:189,(anonymous_12)
FN:201,(anonymous_13)
FN:213,(anonymous_14)
FNF:10
FNH:0
FNDA:0,(anonymous_5)
FNDA:0,(anonymous_6)
FNDA:0,(anonymous_7)
FNDA:0,(anonymous_8)
FNDA:0,(anonymous_9)
FNDA:0,(anonymous_10)
FNDA:0,(anonymous_11)
FNDA:0,(anonymous_12)
FNDA:0,(anonymous_13)
FNDA:0,(anonymous_14)
DA:4,0
DA:111,0
DA:118,0
DA:119,0
DA:121,0
DA:122,0
DA:130,0
DA:131,0
DA:133,0
DA:134,0
DA:142,0
DA:143,0
DA:145,0
DA:146,0
DA:154,0
DA:155,0
DA:157,0
DA:158,0
DA:166,0
DA:167,0
DA:169,0
DA:170,0
DA:178,0
DA:179,0
DA:181,0
DA:182,0
DA:190,0
DA:191,0
DA:193,0
DA:194,0
DA:202,0
DA:203,0
DA:205,0
DA:206,0
DA:214,0
DA:215,0
DA:217,0
DA:218,0
DA:224,0
DA:225,0
LF:40
LH:0
BRF:0
BRH:0
end_of_record
TN:
SF:src/lib/api/video-generation.ts
FN:86,(anonymous_1)
FN:94,(anonymous_2)
FN:110,(anonymous_3)
FN:118,(anonymous_4)
FN:123,(anonymous_5)
FN:128,(anonymous_6)
FN:133,(anonymous_7)
FNF:7
FNH:0
FNDA:0,(anonymous_1)
FNDA:0,(anonymous_2)
FNDA:0,(anonymous_3)
FNDA:0,(anonymous_4)
FNDA:0,(anonymous_5)
FNDA:0,(anonymous_6)
FNDA:0,(anonymous_7)
DA:1,0
DA:82,0
DA:87,0
DA:88,0
DA:103,0
DA:104,0
DA:111,0
DA:112,0
DA:119,0
DA:120,0
DA:124,0
DA:125,0
DA:129,0
DA:130,0
DA:134,0
DA:135,0
LF:16
LH:0
BRF:0
BRH:0
end_of_record
TN:
SF:src/lib/api/services/auth.service.ts
FN:13,(anonymous_3)
FN:17,(anonymous_4)
FN:21,(anonymous_5)
FN:25,(anonymous_6)
FN:29,(anonymous_7)
FN:33,(anonymous_8)
FN:37,(anonymous_9)
FN:41,(anonymous_10)
FN:45,(anonymous_11)
FN:49,(anonymous_12)
FNF:10
FNH:0
FNDA:0,(anonymous_3)
FNDA:0,(anonymous_4)
FNDA:0,(anonymous_5)
FNDA:0,(anonymous_6)
FNDA:0,(anonymous_7)
FNDA:0,(anonymous_8)
FNDA:0,(anonymous_9)
FNDA:0,(anonymous_10)
FNDA:0,(anonymous_11)
FNDA:0,(anonymous_12)
DA:2,0
DA:10,0
DA:14,0
DA:18,0
DA:22,0
DA:26,0
DA:30,0
DA:34,0
DA:38,0
DA:42,0
DA:46,0
DA:50,0
DA:57,0
LF:13
LH:0
BRF:0
BRH:0
end_of_record
TN:
SF:src/services/welcome-service.ts
FN:19,useWelcomeService
FN:22,(anonymous_2)
FN:48,(anonymous_3)
FN:72,(anonymous_4)
FN:99,createMockAudioFile
FN:143,audioBufferToWav
FN:151,(anonymous_7)
FNF:7
FNH:0
FNDA:0,useWelcomeService
FNDA:0,(anonymous_2)
FNDA:0,(anonymous_3)
FNDA:0,(anonymous_4)
FNDA:0,createMockAudioFile
FNDA:0,audioBufferToWav
FNDA:0,(anonymous_7)
DA:4,0
DA:19,0
DA:20,0
DA:22,0
DA:23,0
DA:24,0
DA:27,0
DA:29,0
DA:30,0
DA:33,0
DA:35,0
DA:40,0
DA:41,0
DA:48,0
DA:49,0
DA:50,0
DA:53,0
DA:56,0
DA:57,0
DA:58,0
DA:59,0
DA:60,0
DA:61,0
DA:62,0
DA:63,0
DA:66,0
DA:71,0
DA:72,0
DA:73,0
DA:76,0
DA:77,0
DA:79,0
DA:84,0
DA:85,0
DA:92,0
DA:100,0
DA:102,0
DA:103,0
DA:104,0
DA:105,0
DA:108,0
DA:112,0
DA:113,0
DA:114,0
DA:117,0
DA:118,0
DA:119,0
DA:122,0
DA:123,0
DA:125,0
DA:126,0
DA:127,0
DA:128,0
DA:130,0
DA:131,0
DA:132,0
DA:133,0
DA:138,0
DA:139,0
DA:144,0
DA:145,0
DA:146,0
DA:147,0
DA:148,0
DA:151,0
DA:152,0
DA:153,0
DA:157,0
DA:158,0
DA:159,0
DA:160,0
DA:161,0
DA:162,0
DA:163,0
DA:164,0
DA:165,0
DA:166,0
DA:167,0
DA:168,0
DA:169,0
DA:172,0
DA:173,0
DA:174,0
DA:175,0
DA:176,0
DA:177,0
DA:181,0
LF:87
LH:0
BRDA:29,0,0,0
BRDA:43,1,0,0
BRDA:43,1,1,0
BRDA:71,2,0,0
BRDA:73,3,0,0
BRDA:73,3,1,0
BRDA:87,4,0,0
BRDA:87,4,1,0
BRDA:103,5,0,0
BRDA:117,6,0,0
BRDA:117,6,1,0
BRDA:130,7,0,0
BRDA:130,7,1,0
BRDA:176,8,0,0
BRDA:176,8,1,0
BRF:15
BRH:0
end_of_record
TN:
SF:src/utils/music-clip-utils.ts
FN:4,(anonymous_11)
FN:10,(anonymous_12)
FN:29,(anonymous_13)
FN:42,(anonymous_14)
FN:43,(anonymous_15)
FN:45,(anonymous_16)
FN:46,(anonymous_17)
FN:52,(anonymous_18)
FN:53,(anonymous_19)
FN:57,(anonymous_20)
FN:58,(anonymous_21)
FN:62,(anonymous_22)
FN:68,(anonymous_23)
FN:78,(anonymous_24)
FN:87,(anonymous_25)
FN:96,(anonymous_26)
FN:122,getFromStorage
FN:134,saveToStorage
FN:145,(anonymous_29)
FN:146,(anonymous_30)
FNF:20
FNH:0
FNDA:0,(anonymous_11)
FNDA:0,(anonymous_12)
FNDA:0,(anonymous_13)
FNDA:0,(anonymous_14)
FNDA:0,(anonymous_15)
FNDA:0,(anonymous_16)
FNDA:0,(anonymous_17)
FNDA:0,(anonymous_18)
FNDA:0,(anonymous_19)
FNDA:0,(anonymous_20)
FNDA:0,(anonymous_21)
FNDA:0,(anonymous_22)
FNDA:0,(anonymous_23)
FNDA:0,(anonymous_24)
FNDA:0,(anonymous_25)
FNDA:0,(anonymous_26)
FNDA:0,getFromStorage
FNDA:0,saveToStorage
FNDA:0,(anonymous_29)
FNDA:0,(anonymous_30)
DA:4,0
DA:5,0
DA:6,0
DA:10,0
DA:18,0
DA:21,0
DA:25,0
DA:29,0
DA:30,0
DA:31,0
DA:32,0
DA:34,0
DA:35,0
DA:37,0
DA:42,0
DA:43,0
DA:44,0
DA:45,0
DA:46,0
DA:47,0
DA:52,0
DA:53,0
DA:57,0
DA:58,0
DA:59,0
DA:60,0
DA:62,0
DA:63,0
DA:64,0
DA:65,0
DA:68,0
DA:69,0
DA:70,0
DA:71,0
DA:72,0
DA:74,0
DA:78,0
DA:79,0
DA:80,0
DA:83,0
DA:84,0
DA:87,0
DA:88,0
DA:89,0
DA:92,0
DA:93,0
DA:96,0
DA:97,0
DA:103,0
DA:122,0
DA:123,0
DA:125,0
DA:126,0
DA:127,0
DA:129,0
DA:130,0
DA:134,0
DA:135,0
DA:137,0
DA:138,0
DA:140,0
DA:145,0
DA:146,0
DA:147,0
LF:64
LH:0
BRDA:15,0,0,0
BRDA:18,1,0,0
BRDA:18,1,1,0
BRDA:21,2,0,0
BRDA:21,2,1,0
BRDA:21,3,0,0
BRDA:21,3,1,0
BRDA:25,4,0,0
BRDA:25,4,1,0
BRDA:34,5,0,0
BRDA:34,5,1,0
BRDA:71,6,0,0
BRDA:71,6,1,0
BRDA:71,7,0,0
BRDA:71,7,1,0
BRDA:123,8,0,0
BRDA:127,9,0,0
BRDA:127,9,1,0
BRDA:135,10,0,0
BRF:19
BRH:0
end_of_record
TN:
SF:src/utils/components/vibewave.utils.ts
FN:3,(anonymous_6)
FN:8,(anonymous_7)
FN:36,(anonymous_8)
FN:55,(anonymous_9)
FN:78,(anonymous_10)
FN:79,(anonymous_11)
FN:81,(anonymous_12)
FN:82,(anonymous_13)
FNF:8
FNH:0
FNDA:0,(anonymous_6)
FNDA:0,(anonymous_7)
FNDA:0,(anonymous_8)
FNDA:0,(anonymous_9)
FNDA:0,(anonymous_10)
FNDA:0,(anonymous_11)
FNDA:0,(anonymous_12)
FNDA:0,(anonymous_13)
DA:3,0
DA:4,0
DA:5,0
DA:8,0
DA:15,0
DA:16,0
DA:18,0
DA:19,0
DA:20,0
DA:21,0
DA:22,0
DA:23,0
DA:24,0
DA:25,0
DA:26,0
DA:27,0
DA:30,0
DA:33,0
DA:36,0
DA:42,0
DA:43,0
DA:44,0
DA:46,0
DA:47,0
DA:48,0
DA:50,0
DA:51,0
DA:55,0
DA:61,0
DA:64,0
DA:68,0
DA:69,0
DA:71,0
DA:78,0
DA:79,0
DA:80,0
DA:81,0
DA:82,0
DA:83,0
LF:39
LH:0
BRDA:12,0,0,0
BRDA:13,1,0,0
BRDA:16,2,0,0
BRDA:16,2,1,0
BRDA:19,3,0,0
BRDA:19,3,1,0
BRDA:22,4,0,0
BRDA:22,4,1,0
BRDA:25,5,0,0
BRDA:40,6,0,0
BRDA:44,7,0,0
BRDA:44,7,1,0
BRDA:58,8,0,0
BRDA:64,9,0,0
BRDA:64,9,1,0
BRDA:68,10,0,0
BRDA:68,10,1,0
BRDA:69,11,0,0
BRDA:69,11,1,0
BRF:19
BRH:0
end_of_record
TN:
SF:src/utils/components/waveform.utils.ts
FN:1,(anonymous_4)
FN:8,(anonymous_5)
FN:27,(anonymous_6)
FN:30,(anonymous_7)
FN:85,(anonymous_8)
FN:87,(anonymous_9)
FNF:6
FNH:0
FNDA:0,(anonymous_4)
FNDA:0,(anonymous_5)
FNDA:0,(anonymous_6)
FNDA:0,(anonymous_7)
FNDA:0,(anonymous_8)
FNDA:0,(anonymous_9)
DA:1,0
DA:2,0
DA:3,0
DA:4,0
DA:5,0
DA:8,0
DA:9,0
DA:10,0
DA:11,0
DA:12,0
DA:13,0
DA:14,0
DA:15,0
DA:17,0
DA:18,0
DA:19,0
DA:20,0
DA:21,0
DA:23,0
DA:26,0
DA:27,0
DA:30,0
DA:40,0
DA:42,0
DA:43,0
DA:45,0
DA:46,0
DA:49,0
DA:50,0
DA:51,0
DA:52,0
DA:55,0
DA:56,0
DA:58,0
DA:61,0
DA:62,0
DA:63,0
DA:64,0
DA:65,0
DA:67,0
DA:68,0
DA:70,0
DA:71,0
DA:72,0
DA:73,0
DA:75,0
DA:76,0
DA:77,0
DA:79,0
DA:82,0
DA:83,0
DA:84,0
DA:85,0
DA:86,0
DA:87,0
DA:88,0
DA:93,0
DA:94,0
DA:95,0
DA:96,0
DA:97,0
DA:99,0
DA:100,0
DA:101,0
DA:102,0
DA:103,0
DA:106,0
DA:107,0
DA:111,0
DA:112,0
DA:113,0
DA:115,0
DA:116,0
DA:117,0
LF:74
LH:0
BRDA:2,0,0,0
BRDA:2,1,0,0
BRDA:2,1,1,0
BRDA:9,2,0,0
BRDA:9,2,1,0
BRDA:35,3,0,0
BRDA:36,4,0,0
BRDA:37,5,0,0
BRDA:38,6,0,0
BRDA:40,7,0,0
BRDA:40,8,0,0
BRDA:40,8,1,0
BRDA:40,8,2,0
BRDA:43,9,0,0
BRDA:45,10,0,0
BRDA:45,10,1,0
BRDA:49,11,0,0
BRDA:49,12,0,0
BRDA:49,12,1,0
BRDA:84,13,0,0
BRDA:86,14,0,0
BRDA:88,15,0,0
BRDA:88,15,1,0
BRDA:100,16,0,0
BRDA:100,16,1,0
BRDA:102,17,0,0
BRDA:102,18,0,0
BRDA:102,18,1,0
BRDA:102,18,2,0
BRDA:111,19,0,0
BRDA:115,20,0,0
BRDA:115,21,0,0
BRDA:115,21,1,0
BRF:33
BRH:0
end_of_record
